\BOOKMARK [0][-]{chapter.1}{\376\377\000I\000n\000t\000r\000o}{}% 1
\BOOKMARK [0][-]{chapter.2}{\376\377\000G\000e\000n\000e\000r\000a\000l\000\040\000E\000x\000p\000e\000r\000i\000m\000e\000n\000t\000\040\000n\000o\000t\000e\000s}{}% 2
\BOOKMARK [0][-]{chapter.3}{\376\377\000T\000i\000t\000r\000a\000t\000i\000o\000n}{}% 3
\BOOKMARK [1][-]{section.3.1}{\376\377\000T\000a\000b\000l\000e\000s}{chapter.3}% 4
\BOOKMARK [1][-]{section.3.2}{\376\377\000P\000i\000p\000e\000t\000t\000e}{chapter.3}% 5
\BOOKMARK [1][-]{section.3.3}{\376\377\000B\000u\000r\000e\000t\000t\000e\000\040\000+\000\040\000P\000i\000p\000e\000t\000t\000e}{chapter.3}% 6
\BOOKMARK [1][-]{section.3.4}{\376\377\000A\000c\000c\000u\000r\000a\000c\000y\000\040\000o\000f\000\040\000I\000n\000s\000t\000r\000u\000m\000e\000n\000t\000s}{chapter.3}% 7
\BOOKMARK [0][-]{chapter.4}{\376\377\000D\000e\000s\000s\000e\000r\000t\000\040\000Q\000n\000s}{}% 8
\BOOKMARK [0][-]{chapter.5}{\376\377\000T\000e\000m\000p\000e\000r\000a\000t\000u\000r\000e\000\040\000R\000e\000l\000a\000t\000e\000d\000\040\000E\000x\000p\000e\000r\000i\000m\000e\000n\000t\000s}{}% 9
\BOOKMARK [0][-]{chapter.6}{\376\377\000Q\000.\000A\000.\000\040\000T\000e\000s\000t}{}% 10
\BOOKMARK [1][-]{section.6.1}{\376\377\000N\000o\000t\000e\000\040\000/\000\040\000A\000F\000I\000:}{chapter.6}% 11
\BOOKMARK [1][-]{section.6.2}{\376\377\000B\000e\000s\000t\000/\000M\000o\000d\000a\000l\000\040\000A\000n\000s\000w\000e\000r\000s\000\040\000f\000o\000r\000\040\000O\000b\000s\000e\000r\000v\000a\000t\000i\000o\000n\000s\000:}{chapter.6}% 12
\BOOKMARK [0][-]{chapter.7}{\376\377\000E\000x\000p\000e\000r\000i\000m\000e\000n\000t\000a\000l\000\040\000P\000l\000a\000n\000n\000i\000n\000g}{}% 13
\BOOKMARK [1][-]{section.7.1}{\376\377\000T\000h\000i\000n\000g\000s\000\040\000t\000o\000\040\000h\000a\000v\000e}{chapter.7}% 14
\BOOKMARK [1][-]{section.7.2}{\376\377\000N\000o\000t\000e\000s\000\040\000f\000o\000r\000\040\000S\000t\000e\000p\000s}{chapter.7}% 15
\BOOKMARK [1][-]{section.7.3}{\376\377\000A\000p\000p\000a\000r\000a\000t\000u\000s\000\040\000D\000r\000a\000w\000i\000n\000g}{chapter.7}% 16
\BOOKMARK [0][-]{chapter.8}{\376\377\000E\000x\000a\000m\000p\000l\000e\000s}{}% 17
\BOOKMARK [1][-]{section.8.1}{\376\377\000T\000i\000t\000r\000a\000t\000i\000o\000n}{chapter.8}% 18
\BOOKMARK [2][-]{subsection.8.1.1}{\376\377\000T\000i\000m\000e\000d\000\040\000A\000s\000s\000i\000g\000n\000m\000e\000n\000t\000\040\0002\0000\0002\0002\000:\000\040\000P\000a\000p\000e\000r\000\040\0003\000\040\000P\000r\000a\000c\000t\000i\000c\000a\000l}{section.8.1}% 19
\BOOKMARK [2][-]{subsection.8.1.2}{\376\377\000I\000o\000d\000i\000n\000e\000\040\000A\000n\000t\000i\000s\000e\000p\000t\000i\000c\000\040}{section.8.1}% 20
\BOOKMARK [2][-]{subsection.8.1.3}{\376\377\000E\000x\000p\000e\000r\000i\000m\000e\000n\000t\000\040\000o\000n\000\040\000V\000o\000l\000u\000m\000e\000t\000r\000i\000c\000\040\000A\000n\000a\000l\000y\000s\000i\000s\000\040\0004\000\040\000A\000p\000r\000i\000l\000\040\0002\0000\0002\0002}{section.8.1}% 21
\BOOKMARK [1][-]{section.8.2}{\376\377\000S\000h\000o\000r\000t\000\040\000E\000x\000p\000e\000r\000i\000m\000e\000n\000t}{chapter.8}% 22
\BOOKMARK [2][-]{subsection.8.2.1}{\376\377\000T\000i\000m\000e\000d\000\040\000A\000s\000s\000i\000g\000n\000m\000e\000n\000t\000\040\0002\0000\0002\0002\000:\000\040\000P\000a\000p\000e\000r\000\040\0003\000\040\000P\000r\000a\000c\000t\000i\000c\000a\000l}{section.8.2}% 23
\BOOKMARK [2][-]{subsection.8.2.2}{\376\377\000\040\000C\000o\000m\000b\000i\000n\000e\000d\000\040\000C\000h\000e\000m\000i\000s\000t\000r\000y\000\040\000Q\000.\000A\000.\000\040\000T\000e\000s\000t\000\040\0002\0000\0002\0000}{section.8.2}% 24
\BOOKMARK [1][-]{section.8.3}{\376\377\000E\000x\000p\000e\000r\000i\000m\000e\000n\000t\000a\000l\000\040\000P\000l\000a\000n\000n\000i\000n\000g}{chapter.8}% 25
\BOOKMARK [2][-]{subsection.8.3.1}{\376\377\000T\000i\000m\000e\000d\000\040\000A\000s\000s\000i\000g\000n\000m\000e\000n\000t\000\040\0002\0000\0002\0002\000:\000\040\000P\000a\000p\000e\000r\000\040\0003\000\040\000P\000r\000a\000c\000t\000i\000c\000a\000l}{section.8.3}% 26
\BOOKMARK [2][-]{subsection.8.3.2}{\376\377\000H\000y\000d\000r\000o\000g\000e\000n\000\040\000P\000e\000r\000o\000x\000i\000d\000e\000\040\000d\000e\000c\000o\000m\000p\000o\000s\000i\000t\000i\000o\000n\000,\000\040\0004\000\040\000A\000p\000r\000i\000l\000\040\0002\0000\0002\0002}{section.8.3}% 27
