This is pdfTeX, Version 3.141592653-2.6-1.40.25 (TeX Live 2023) (preloaded format=pdflatex 2023.7.10)  24 MAR 2024 18:41
entering extended mode
 restricted \write18 enabled.
 file:line:error style messages enabled.
 %&-line parsing enabled.
**ALPhys
(./ALPhys.tex
LaTeX2e <2023-06-01> patch level 1
L3 programming layer <2023-06-30>
(c:/texlive/2023/texmf-dist/tex/latex/base/book.cls
Document Class: book 2023/05/17 v1.4n Standard LaTeX document class
(c:/texlive/2023/texmf-dist/tex/latex/base/bk10.clo
File: bk10.clo 2023/05/17 v1.4n Standard LaTeX file (size option)
)
\c@part=\count185
\c@chapter=\count186
\c@section=\count187
\c@subsection=\count188
\c@subsubsection=\count189
\c@paragraph=\count190
\c@subparagraph=\count191
\c@figure=\count192
\c@table=\count193
\abovecaptionskip=\skip48
\belowcaptionskip=\skip49
\bibindent=\dimen140
) (../Style/Master.sty

LaTeX Warning: You have requested package `../Style/Master',
               but the package provides `Master'.

Package: Master 
(c:/texlive/2023/texmf-dist/tex/latex/base/inputenc.sty
Package: inputenc 2021/02/14 v1.3d Input encoding file
\inpenc@prehook=\toks17
\inpenc@posthook=\toks18
) (c:/texlive/2023/texmf-dist/tex/latex/contour/contour.sty
Package: contour 2004/11/18 v2.14 Print contoured text (HH, MH)
 (c:/texlive/2023/texmf-dist/tex/latex/graphics/color.sty
Package: color 2022/01/06 v1.3d Standard LaTeX Color (DPC)
 (c:/texlive/2023/texmf-dist/tex/latex/graphics-cfg/color.cfg
File: color.cfg 2016/01/02 v1.6 sample color configuration
)
Package color Info: Driver file: pdftex.def on input line 149.
 (c:/texlive/2023/texmf-dist/tex/latex/graphics-def/pdftex.def
File: pdftex.def 2022/09/22 v1.2b Graphics/color driver for pdftex
) (c:/texlive/2023/texmf-dist/tex/latex/graphics/mathcolor.ltx)) (c:/texlive/2023/texmf-dist/tex/latex/graphics/trig.sty
Package: trig 2021/08/11 v1.11 sin cos tan (DPC)
)
\con@length=\skip50

Loading configuration file `contour.cfg'.
(c:/texlive/2023/texmf-dist/tex/latex/contour/contour.cfg
File: contour.cfg 2004/11/18 v2.14 Print contoured text (HH, MH)
)
contour: Using driver file `pdftex.cnt'.
(c:/texlive/2023/texmf-dist/tex/latex/contour/pdftex.cnt
File: pdftex.cnt 2004/11/18 v2.14 Print contoured text (HH, MH)
)) (c:/texlive/2023/texmf-dist/tex/latex/environ/environ.sty
Package: environ 2014/05/04 v0.3 A new way to define environments
 (c:/texlive/2023/texmf-dist/tex/latex/trimspaces/trimspaces.sty
Package: trimspaces 2009/09/17 v1.1 Trim spaces around a token list
)
\@envbody=\toks19
) (c:/texlive/2023/texmf-dist/tex/latex/xcolor/xcolor.sty
Package: xcolor 2022/06/12 v2.14 LaTeX color extensions (UK)
 (c:/texlive/2023/texmf-dist/tex/latex/graphics-cfg/color.cfg
File: color.cfg 2016/01/02 v1.6 sample color configuration
)
Package xcolor Info: Driver file: pdftex.def on input line 227.
LaTeX Info: Redefining \color on input line 711.
 (c:/texlive/2023/texmf-dist/tex/latex/graphics/mathcolor.ltx)
Package xcolor Info: Model `cmy' substituted by `cmy0' on input line 1353.
Package xcolor Info: Model `hsb' substituted by `rgb' on input line 1357.
Package xcolor Info: Model `RGB' extended on input line 1369.
Package xcolor Info: Model `HTML' substituted by `rgb' on input line 1371.
Package xcolor Info: Model `Hsb' substituted by `hsb' on input line 1372.
Package xcolor Info: Model `tHsb' substituted by `hsb' on input line 1373.
Package xcolor Info: Model `HSB' substituted by `hsb' on input line 1374.
Package xcolor Info: Model `Gray' substituted by `gray' on input line 1375.
Package xcolor Info: Model `wave' substituted by `hsb' on input line 1376.
 (c:/texlive/2023/texmf-dist/tex/latex/graphics/dvipsnam.def
File: dvipsnam.def 2016/06/17 v3.0m Driver-dependent file (DPC,SPQR)
)) (c:/texlive/2023/texmf-dist/tex/latex/pgf/frontendlayer/tikz.sty (c:/texlive/2023/texmf-dist/tex/latex/pgf/basiclayer/pgf.sty (c:/texlive/2023/texmf-dist/tex/latex/pgf/utilities/pgfrcs.sty (c:/texlive/2023/texmf-dist/tex/generic/pgf/utilities/pgfutil-common.tex
\pgfutil@everybye=\toks20
\pgfutil@tempdima=\dimen141
\pgfutil@tempdimb=\dimen142
) (c:/texlive/2023/texmf-dist/tex/generic/pgf/utilities/pgfutil-latex.def
\pgfutil@abb=\box51
) (c:/texlive/2023/texmf-dist/tex/generic/pgf/utilities/pgfrcs.code.tex (c:/texlive/2023/texmf-dist/tex/generic/pgf/pgf.revision.tex)
Package: pgfrcs 2023-01-15 v3.1.10 (3.1.10)
))
Package: pgf 2023-01-15 v3.1.10 (3.1.10)
 (c:/texlive/2023/texmf-dist/tex/latex/pgf/basiclayer/pgfcore.sty (c:/texlive/2023/texmf-dist/tex/latex/graphics/graphicx.sty
Package: graphicx 2021/09/16 v1.2d Enhanced LaTeX Graphics (DPC,SPQR)
 (c:/texlive/2023/texmf-dist/tex/latex/graphics/keyval.sty
Package: keyval 2022/05/29 v1.15 key=value parser (DPC)
\KV@toks@=\toks21
) (c:/texlive/2023/texmf-dist/tex/latex/graphics/graphics.sty
Package: graphics 2022/03/10 v1.4e Standard LaTeX Graphics (DPC,SPQR)
 (c:/texlive/2023/texmf-dist/tex/latex/graphics-cfg/graphics.cfg
File: graphics.cfg 2016/06/04 v1.11 sample graphics configuration
)
Package graphics Info: Driver file: pdftex.def on input line 107.
)
\Gin@req@height=\dimen143
\Gin@req@width=\dimen144
) (c:/texlive/2023/texmf-dist/tex/latex/pgf/systemlayer/pgfsys.sty (c:/texlive/2023/texmf-dist/tex/generic/pgf/systemlayer/pgfsys.code.tex
Package: pgfsys 2023-01-15 v3.1.10 (3.1.10)
 (c:/texlive/2023/texmf-dist/tex/generic/pgf/utilities/pgfkeys.code.tex
\pgfkeys@pathtoks=\toks22
\pgfkeys@temptoks=\toks23
 (c:/texlive/2023/texmf-dist/tex/generic/pgf/utilities/pgfkeyslibraryfiltered.code.tex
\pgfkeys@tmptoks=\toks24
))
\pgf@x=\dimen145
\pgf@y=\dimen146
\pgf@xa=\dimen147
\pgf@ya=\dimen148
\pgf@xb=\dimen149
\pgf@yb=\dimen150
\pgf@xc=\dimen151
\pgf@yc=\dimen152
\pgf@xd=\dimen153
\pgf@yd=\dimen154
\w@pgf@writea=\write3
\r@pgf@reada=\read2
\c@pgf@counta=\count194
\c@pgf@countb=\count195
\c@pgf@countc=\count196
\c@pgf@countd=\count197
\t@pgf@toka=\toks25
\t@pgf@tokb=\toks26
\t@pgf@tokc=\toks27
\pgf@sys@id@count=\count198
 (c:/texlive/2023/texmf-dist/tex/generic/pgf/systemlayer/pgf.cfg
File: pgf.cfg 2023-01-15 v3.1.10 (3.1.10)
)
Driver file for pgf: pgfsys-pdftex.def
 (c:/texlive/2023/texmf-dist/tex/generic/pgf/systemlayer/pgfsys-pdftex.def
File: pgfsys-pdftex.def 2023-01-15 v3.1.10 (3.1.10)
 (c:/texlive/2023/texmf-dist/tex/generic/pgf/systemlayer/pgfsys-common-pdf.def
File: pgfsys-common-pdf.def 2023-01-15 v3.1.10 (3.1.10)
))) (c:/texlive/2023/texmf-dist/tex/generic/pgf/systemlayer/pgfsyssoftpath.code.tex
File: pgfsyssoftpath.code.tex 2023-01-15 v3.1.10 (3.1.10)
\pgfsyssoftpath@smallbuffer@items=\count199
\pgfsyssoftpath@bigbuffer@items=\count266
) (c:/texlive/2023/texmf-dist/tex/generic/pgf/systemlayer/pgfsysprotocol.code.tex
File: pgfsysprotocol.code.tex 2023-01-15 v3.1.10 (3.1.10)
)) (c:/texlive/2023/texmf-dist/tex/generic/pgf/basiclayer/pgfcore.code.tex
Package: pgfcore 2023-01-15 v3.1.10 (3.1.10)
 (c:/texlive/2023/texmf-dist/tex/generic/pgf/math/pgfmath.code.tex (c:/texlive/2023/texmf-dist/tex/generic/pgf/math/pgfmathutil.code.tex) (c:/texlive/2023/texmf-dist/tex/generic/pgf/math/pgfmathparser.code.tex
\pgfmath@dimen=\dimen155
\pgfmath@count=\count267
\pgfmath@box=\box52
\pgfmath@toks=\toks28
\pgfmath@stack@operand=\toks29
\pgfmath@stack@operation=\toks30
) (c:/texlive/2023/texmf-dist/tex/generic/pgf/math/pgfmathfunctions.code.tex) (c:/texlive/2023/texmf-dist/tex/generic/pgf/math/pgfmathfunctions.basic.code.tex) (c:/texlive/2023/texmf-dist/tex/generic/pgf/math/pgfmathfunctions.trigonometric.code.tex) (c:/texlive/2023/texmf-dist/tex/generic/pgf/math/pgfmathfunctions.random.code.tex) (c:/texlive/2023/texmf-dist/tex/generic/pgf/math/pgfmathfunctions.comparison.code.tex) (c:/texlive/2023/texmf-dist/tex/generic/pgf/math/pgfmathfunctions.base.code.tex) (c:/texlive/2023/texmf-dist/tex/generic/pgf/math/pgfmathfunctions.round.code.tex) (c:/texlive/2023/texmf-dist/tex/generic/pgf/math/pgfmathfunctions.misc.code.tex) (c:/texlive/2023/texmf-dist/tex/generic/pgf/math/pgfmathfunctions.integerarithmetics.code.tex) (c:/texlive/2023/texmf-dist/tex/generic/pgf/math/pgfmathcalc.code.tex) (c:/texlive/2023/texmf-dist/tex/generic/pgf/math/pgfmathfloat.code.tex
\c@pgfmathroundto@lastzeros=\count268
)) (c:/texlive/2023/texmf-dist/tex/generic/pgf/math/pgfint.code.tex) (c:/texlive/2023/texmf-dist/tex/generic/pgf/basiclayer/pgfcorepoints.code.tex
File: pgfcorepoints.code.tex 2023-01-15 v3.1.10 (3.1.10)
\pgf@picminx=\dimen156
\pgf@picmaxx=\dimen157
\pgf@picminy=\dimen158
\pgf@picmaxy=\dimen159
\pgf@pathminx=\dimen160
\pgf@pathmaxx=\dimen161
\pgf@pathminy=\dimen162
\pgf@pathmaxy=\dimen163
\pgf@xx=\dimen164
\pgf@xy=\dimen165
\pgf@yx=\dimen166
\pgf@yy=\dimen167
\pgf@zx=\dimen168
\pgf@zy=\dimen169
) (c:/texlive/2023/texmf-dist/tex/generic/pgf/basiclayer/pgfcorepathconstruct.code.tex
File: pgfcorepathconstruct.code.tex 2023-01-15 v3.1.10 (3.1.10)
\pgf@path@lastx=\dimen170
\pgf@path@lasty=\dimen171
) (c:/texlive/2023/texmf-dist/tex/generic/pgf/basiclayer/pgfcorepathusage.code.tex
File: pgfcorepathusage.code.tex 2023-01-15 v3.1.10 (3.1.10)
\pgf@shorten@end@additional=\dimen172
\pgf@shorten@start@additional=\dimen173
) (c:/texlive/2023/texmf-dist/tex/generic/pgf/basiclayer/pgfcorescopes.code.tex
File: pgfcorescopes.code.tex 2023-01-15 v3.1.10 (3.1.10)
\pgfpic=\box53
\pgf@hbox=\box54
\pgf@layerbox@main=\box55
\pgf@picture@serial@count=\count269
) (c:/texlive/2023/texmf-dist/tex/generic/pgf/basiclayer/pgfcoregraphicstate.code.tex
File: pgfcoregraphicstate.code.tex 2023-01-15 v3.1.10 (3.1.10)
\pgflinewidth=\dimen174
) (c:/texlive/2023/texmf-dist/tex/generic/pgf/basiclayer/pgfcoretransformations.code.tex
File: pgfcoretransformations.code.tex 2023-01-15 v3.1.10 (3.1.10)
\pgf@pt@x=\dimen175
\pgf@pt@y=\dimen176
\pgf@pt@temp=\dimen177
) (c:/texlive/2023/texmf-dist/tex/generic/pgf/basiclayer/pgfcorequick.code.tex
File: pgfcorequick.code.tex 2023-01-15 v3.1.10 (3.1.10)
) (c:/texlive/2023/texmf-dist/tex/generic/pgf/basiclayer/pgfcoreobjects.code.tex
File: pgfcoreobjects.code.tex 2023-01-15 v3.1.10 (3.1.10)
) (c:/texlive/2023/texmf-dist/tex/generic/pgf/basiclayer/pgfcorepathprocessing.code.tex
File: pgfcorepathprocessing.code.tex 2023-01-15 v3.1.10 (3.1.10)
) (c:/texlive/2023/texmf-dist/tex/generic/pgf/basiclayer/pgfcorearrows.code.tex
File: pgfcorearrows.code.tex 2023-01-15 v3.1.10 (3.1.10)
\pgfarrowsep=\dimen178
) (c:/texlive/2023/texmf-dist/tex/generic/pgf/basiclayer/pgfcoreshade.code.tex
File: pgfcoreshade.code.tex 2023-01-15 v3.1.10 (3.1.10)
\pgf@max=\dimen179
\pgf@sys@shading@range@num=\count270
\pgf@shadingcount=\count271
) (c:/texlive/2023/texmf-dist/tex/generic/pgf/basiclayer/pgfcoreimage.code.tex
File: pgfcoreimage.code.tex 2023-01-15 v3.1.10 (3.1.10)
) (c:/texlive/2023/texmf-dist/tex/generic/pgf/basiclayer/pgfcoreexternal.code.tex
File: pgfcoreexternal.code.tex 2023-01-15 v3.1.10 (3.1.10)
\pgfexternal@startupbox=\box56
) (c:/texlive/2023/texmf-dist/tex/generic/pgf/basiclayer/pgfcorelayers.code.tex
File: pgfcorelayers.code.tex 2023-01-15 v3.1.10 (3.1.10)
) (c:/texlive/2023/texmf-dist/tex/generic/pgf/basiclayer/pgfcoretransparency.code.tex
File: pgfcoretransparency.code.tex 2023-01-15 v3.1.10 (3.1.10)
) (c:/texlive/2023/texmf-dist/tex/generic/pgf/basiclayer/pgfcorepatterns.code.tex
File: pgfcorepatterns.code.tex 2023-01-15 v3.1.10 (3.1.10)
) (c:/texlive/2023/texmf-dist/tex/generic/pgf/basiclayer/pgfcorerdf.code.tex
File: pgfcorerdf.code.tex 2023-01-15 v3.1.10 (3.1.10)
))) (c:/texlive/2023/texmf-dist/tex/generic/pgf/modules/pgfmoduleshapes.code.tex
File: pgfmoduleshapes.code.tex 2023-01-15 v3.1.10 (3.1.10)
\pgfnodeparttextbox=\box57
) (c:/texlive/2023/texmf-dist/tex/generic/pgf/modules/pgfmoduleplot.code.tex
File: pgfmoduleplot.code.tex 2023-01-15 v3.1.10 (3.1.10)
) (c:/texlive/2023/texmf-dist/tex/latex/pgf/compatibility/pgfcomp-version-0-65.sty
Package: pgfcomp-version-0-65 2023-01-15 v3.1.10 (3.1.10)
\pgf@nodesepstart=\dimen180
\pgf@nodesepend=\dimen181
) (c:/texlive/2023/texmf-dist/tex/latex/pgf/compatibility/pgfcomp-version-1-18.sty
Package: pgfcomp-version-1-18 2023-01-15 v3.1.10 (3.1.10)
)) (c:/texlive/2023/texmf-dist/tex/latex/pgf/utilities/pgffor.sty (c:/texlive/2023/texmf-dist/tex/latex/pgf/utilities/pgfkeys.sty (c:/texlive/2023/texmf-dist/tex/generic/pgf/utilities/pgfkeys.code.tex)) (c:/texlive/2023/texmf-dist/tex/latex/pgf/math/pgfmath.sty (c:/texlive/2023/texmf-dist/tex/generic/pgf/math/pgfmath.code.tex)) (c:/texlive/2023/texmf-dist/tex/generic/pgf/utilities/pgffor.code.tex
Package: pgffor 2023-01-15 v3.1.10 (3.1.10)
\pgffor@iter=\dimen182
\pgffor@skip=\dimen183
\pgffor@stack=\toks31
\pgffor@toks=\toks32
)) (c:/texlive/2023/texmf-dist/tex/generic/pgf/frontendlayer/tikz/tikz.code.tex
Package: tikz 2023-01-15 v3.1.10 (3.1.10)
 (c:/texlive/2023/texmf-dist/tex/generic/pgf/libraries/pgflibraryplothandlers.code.tex
File: pgflibraryplothandlers.code.tex 2023-01-15 v3.1.10 (3.1.10)
\pgf@plot@mark@count=\count272
\pgfplotmarksize=\dimen184
)
\tikz@lastx=\dimen185
\tikz@lasty=\dimen186
\tikz@lastxsaved=\dimen187
\tikz@lastysaved=\dimen188
\tikz@lastmovetox=\dimen189
\tikz@lastmovetoy=\dimen190
\tikzleveldistance=\dimen191
\tikzsiblingdistance=\dimen192
\tikz@figbox=\box58
\tikz@figbox@bg=\box59
\tikz@tempbox=\box60
\tikz@tempbox@bg=\box61
\tikztreelevel=\count273
\tikznumberofchildren=\count274
\tikznumberofcurrentchild=\count275
\tikz@fig@count=\count276
 (c:/texlive/2023/texmf-dist/tex/generic/pgf/modules/pgfmodulematrix.code.tex
File: pgfmodulematrix.code.tex 2023-01-15 v3.1.10 (3.1.10)
\pgfmatrixcurrentrow=\count277
\pgfmatrixcurrentcolumn=\count278
\pgf@matrix@numberofcolumns=\count279
)
\tikz@expandcount=\count280
 (c:/texlive/2023/texmf-dist/tex/generic/pgf/frontendlayer/tikz/libraries/tikzlibrarytopaths.code.tex
File: tikzlibrarytopaths.code.tex 2023-01-15 v3.1.10 (3.1.10)
))) (c:/texlive/2023/texmf-dist/tex/latex/tikz-cd/tikz-cd.sty
Package: tikz-cd 2021/05/04 v1.0 Commutative diagrams with TikZ
 (c:/texlive/2023/texmf-dist/tex/generic/tikz-cd/tikzlibrarycd.code.tex (c:/texlive/2023/texmf-dist/tex/generic/pgf/frontendlayer/tikz/libraries/tikzlibrarymatrix.code.tex
File: tikzlibrarymatrix.code.tex 2023-01-15 v3.1.10 (3.1.10)
) (c:/texlive/2023/texmf-dist/tex/generic/pgf/frontendlayer/tikz/libraries/tikzlibraryquotes.code.tex
File: tikzlibraryquotes.code.tex 2023-01-15 v3.1.10 (3.1.10)
) (c:/texlive/2023/texmf-dist/tex/generic/pgf/libraries/pgflibraryarrows.meta.code.tex
File: pgflibraryarrows.meta.code.tex 2023-01-15 v3.1.10 (3.1.10)
\pgfarrowinset=\dimen193
\pgfarrowlength=\dimen194
\pgfarrowwidth=\dimen195
\pgfarrowlinewidth=\dimen196
))) (c:/texlive/2023/texmf-dist/tex/latex/physics/physics.sty
Package: physics 
 (c:/texlive/2023/texmf-dist/tex/latex/l3packages/xparse/xparse.sty (c:/texlive/2023/texmf-dist/tex/latex/l3kernel/expl3.sty
Package: expl3 2023-06-30 L3 programming layer (loader) 
 (c:/texlive/2023/texmf-dist/tex/latex/l3backend/l3backend-pdftex.def
File: l3backend-pdftex.def 2023-04-19 L3 backend support: PDF output (pdfTeX)
\l__color_backend_stack_int=\count281
\l__pdf_internal_box=\box62
))
Package: xparse 2023-02-02 L3 Experimental document command parser
) (c:/texlive/2023/texmf-dist/tex/latex/amsmath/amsmath.sty
Package: amsmath 2023/05/13 v2.17o AMS math features
\@mathmargin=\skip51

For additional information on amsmath, use the `?' option.
(c:/texlive/2023/texmf-dist/tex/latex/amsmath/amstext.sty
Package: amstext 2021/08/26 v2.01 AMS text
 (c:/texlive/2023/texmf-dist/tex/latex/amsmath/amsgen.sty
File: amsgen.sty 1999/11/30 v2.0 generic functions
\@emptytoks=\toks33
\ex@=\dimen197
)) (c:/texlive/2023/texmf-dist/tex/latex/amsmath/amsbsy.sty
Package: amsbsy 1999/11/29 v1.2d Bold Symbols
\pmbraise@=\dimen198
) (c:/texlive/2023/texmf-dist/tex/latex/amsmath/amsopn.sty
Package: amsopn 2022/04/08 v2.04 operator names
)
\inf@bad=\count282
LaTeX Info: Redefining \frac on input line 234.
\uproot@=\count283
\leftroot@=\count284
LaTeX Info: Redefining \overline on input line 399.
LaTeX Info: Redefining \colon on input line 410.
\classnum@=\count285
\DOTSCASE@=\count286
LaTeX Info: Redefining \ldots on input line 496.
LaTeX Info: Redefining \dots on input line 499.
LaTeX Info: Redefining \cdots on input line 620.
\Mathstrutbox@=\box63
\strutbox@=\box64
LaTeX Info: Redefining \big on input line 722.
LaTeX Info: Redefining \Big on input line 723.
LaTeX Info: Redefining \bigg on input line 724.
LaTeX Info: Redefining \Bigg on input line 725.
\big@size=\dimen199
LaTeX Font Info:    Redeclaring font encoding OML on input line 743.
LaTeX Font Info:    Redeclaring font encoding OMS on input line 744.
\macc@depth=\count287
LaTeX Info: Redefining \bmod on input line 905.
LaTeX Info: Redefining \pmod on input line 910.
LaTeX Info: Redefining \smash on input line 940.
LaTeX Info: Redefining \relbar on input line 970.
LaTeX Info: Redefining \Relbar on input line 971.
\c@MaxMatrixCols=\count288
\dotsspace@=\muskip16
\c@parentequation=\count289
\dspbrk@lvl=\count290
\tag@help=\toks34
\row@=\count291
\column@=\count292
\maxfields@=\count293
\andhelp@=\toks35
\eqnshift@=\dimen256
\alignsep@=\dimen257
\tagshift@=\dimen258
\tagwidth@=\dimen259
\totwidth@=\dimen260
\lineht@=\dimen261
\@envbody=\toks36
\multlinegap=\skip52
\multlinetaggap=\skip53
\mathdisplay@stack=\toks37
LaTeX Info: Redefining \[ on input line 2953.
LaTeX Info: Redefining \] on input line 2954.
)) (c:/texlive/2023/texmf-dist/tex/latex/tools/bm.sty
Package: bm 2022/01/05 v1.2f Bold Symbol Support (DPC/FMi)
\symboldoperators=\mathgroup4
\symboldletters=\mathgroup5
\symboldsymbols=\mathgroup6
Package bm Info: No bold for \OMX/cmex/m/n, using \pmb.
LaTeX Font Info:    Redeclaring math alphabet \mathbf on input line 149.
) (c:/texlive/2023/texmf-dist/tex/generic/pgf/frontendlayer/tikz/libraries/tikzlibrarydecorations.markings.code.tex (c:/texlive/2023/texmf-dist/tex/generic/pgf/frontendlayer/tikz/libraries/tikzlibrarydecorations.code.tex (c:/texlive/2023/texmf-dist/tex/generic/pgf/modules/pgfmoduledecorations.code.tex
\pgfdecoratedcompleteddistance=\dimen262
\pgfdecoratedremainingdistance=\dimen263
\pgfdecoratedinputsegmentcompleteddistance=\dimen264
\pgfdecoratedinputsegmentremainingdistance=\dimen265
\pgf@decorate@distancetomove=\dimen266
\pgf@decorate@repeatstate=\count294
\pgfdecorationsegmentamplitude=\dimen267
\pgfdecorationsegmentlength=\dimen268
)
\tikz@lib@dec@box=\box65
) (c:/texlive/2023/texmf-dist/tex/generic/pgf/libraries/decorations/pgflibrarydecorations.markings.code.tex)) (c:/texlive/2023/texmf-dist/tex/generic/pgf/frontendlayer/tikz/libraries/tikzlibraryintersections.code.tex (c:/texlive/2023/texmf-dist/tex/generic/pgf/libraries/pgflibraryintersections.code.tex (c:/texlive/2023/texmf-dist/tex/generic/pgf/libraries/pgflibraryfpu.code.tex)
\pgf@intersect@solutions=\count295
)) (c:/texlive/2023/texmf-dist/tex/generic/pgf/frontendlayer/tikz/libraries/tikzlibrarycalc.code.tex
File: tikzlibrarycalc.code.tex 2023-01-15 v3.1.10 (3.1.10)
) (c:/texlive/2023/texmf-dist/tex/generic/pgf/frontendlayer/tikz/libraries/tikzlibrarypositioning.code.tex
File: tikzlibrarypositioning.code.tex 2023-01-15 v3.1.10 (3.1.10)
) (c:/texlive/2023/texmf-dist/tex/generic/pgf/frontendlayer/tikz/libraries/tikzlibraryfadings.code.tex
File: tikzlibraryfadings.code.tex 2023-01-15 v3.1.10 (3.1.10)
 (c:/texlive/2023/texmf-dist/tex/generic/pgf/libraries/pgflibraryfadings.code.tex
File: pgflibraryfadings.code.tex 2023-01-15 v3.1.10 (3.1.10)
)) (c:/texlive/2023/texmf-dist/tex/generic/pgf/frontendlayer/tikz/libraries/tikzlibrarydecorations.pathreplacing.code.tex (c:/texlive/2023/texmf-dist/tex/generic/pgf/libraries/decorations/pgflibrarydecorations.pathreplacing.code.tex)) (c:/texlive/2023/texmf-dist/tex/generic/pgf/frontendlayer/tikz/libraries/tikzlibrarybending.code.tex
File: tikzlibrarybending.code.tex 2023-01-15 v3.1.10 (3.1.10)
 (c:/texlive/2023/texmf-dist/tex/generic/pgf/modules/pgfmodulebending.code.tex
File: pgfmodulebending.code.tex 2023-01-15 v3.1.10 (3.1.10)
 (c:/texlive/2023/texmf-dist/tex/generic/pgf/modules/pgfmodulenonlineartransformations.code.tex
File: pgfmodulenonlineartransformations.code.tex 2023-01-15 v3.1.10 (3.1.10)
\pgftransformnonlinearflatness=\dimen269
) (c:/texlive/2023/texmf-dist/tex/generic/pgf/libraries/pgflibrarycurvilinear.code.tex
File: pgflibrarycurvilinear.code.tex 2023-01-15 v3.1.10 (3.1.10)
\pgf@curvilinear@time@a=\dimen270
\pgf@curvilinear@length@a=\dimen271
\pgf@curvilinear@length@b=\dimen272
\pgf@curvilinear@length@c=\dimen273
\pgf@curvilinear@length@d=\dimen274
)
\pgf@arrows@the@rigidity=\dimen275
)) (c:/texlive/2023/texmf-dist/tex/generic/pgf/frontendlayer/tikz/libraries/tikzlibrarydecorations.pathmorphing.code.tex (c:/texlive/2023/texmf-dist/tex/generic/pgf/libraries/decorations/pgflibrarydecorations.pathmorphing.code.tex)) (c:/texlive/2023/texmf-dist/tex/generic/pgf/frontendlayer/tikz/libraries/tikzlibrarypatterns.code.tex
File: tikzlibrarypatterns.code.tex 2023-01-15 v3.1.10 (3.1.10)
 (c:/texlive/2023/texmf-dist/tex/generic/pgf/libraries/pgflibrarypatterns.code.tex
File: pgflibrarypatterns.code.tex 2023-01-15 v3.1.10 (3.1.10)
)) (c:/texlive/2023/texmf-dist/tex/generic/pgf/frontendlayer/tikz/libraries/tikzlibraryangles.code.tex
File: tikzlibraryangles.code.tex 2023-01-15 v3.1.10 (3.1.10)
) (c:/texlive/2023/texmf-dist/tex/latex/tools/longtable.sty
Package: longtable 2021-09-01 v4.17 Multi-page Table package (DPC)
\LTleft=\skip54
\LTright=\skip55
\LTpre=\skip56
\LTpost=\skip57
\LTchunksize=\count296
\LTcapwidth=\dimen276
\LT@head=\box66
\LT@firsthead=\box67
\LT@foot=\box68
\LT@lastfoot=\box69
\LT@gbox=\box70
\LT@cols=\count297
\LT@rows=\count298
\c@LT@tables=\count299
\c@LT@chunks=\count300
\LT@p@ftn=\toks38
) (c:/texlive/2023/texmf-dist/tex/latex/booktabs/booktabs.sty
Package: booktabs 2020/01/12 v1.61803398 Publication quality tables
\heavyrulewidth=\dimen277
\lightrulewidth=\dimen278
\cmidrulewidth=\dimen279
\belowrulesep=\dimen280
\belowbottomsep=\dimen281
\aboverulesep=\dimen282
\abovetopsep=\dimen283
\cmidrulesep=\dimen284
\cmidrulekern=\dimen285
\defaultaddspace=\dimen286
\@cmidla=\count301
\@cmidlb=\count302
\@aboverulesep=\dimen287
\@belowrulesep=\dimen288
\@thisruleclass=\count303
\@lastruleclass=\count304
\@thisrulewidth=\dimen289
) (c:/texlive/2023/texmf-dist/tex/latex/tools/array.sty
Package: array 2022/09/04 v2.5g Tabular extension package (FMi)
\col@sep=\dimen290
\ar@mcellbox=\box71
\extrarowheight=\dimen291
\NC@list=\toks39
\extratabsurround=\skip58
\backup@length=\skip59
\ar@cellbox=\box72
) (c:/texlive/2023/texmf-dist/tex/latex/cellspace/cellspace.sty
Package: cellspace 2022/01/04 v1.9.0 Spacing table cells (JN)
 (c:/texlive/2023/texmf-dist/tex/latex/base/ifthen.sty
Package: ifthen 2022/04/13 v1.1d Standard LaTeX ifthen package (DPC)
) (c:/texlive/2023/texmf-dist/tex/latex/tools/calc.sty
Package: calc 2017/05/25 v4.3 Infix arithmetic (KKT,FJ)
\calc@Acount=\count305
\calc@Bcount=\count306
\calc@Adimen=\dimen292
\calc@Bdimen=\dimen293
\calc@Askip=\skip60
\calc@Bskip=\skip61
LaTeX Info: Redefining \setlength on input line 80.
LaTeX Info: Redefining \addtolength on input line 81.
\calc@Ccount=\count307
\calc@Cskip=\skip62
) (c:/texlive/2023/texmf-dist/tex/latex/xkeyval/xkeyval.sty
Package: xkeyval 2022/06/16 v2.9 package option processing (HA)
 (c:/texlive/2023/texmf-dist/tex/generic/xkeyval/xkeyval.tex (c:/texlive/2023/texmf-dist/tex/generic/xkeyval/xkvutils.tex
\XKV@toks=\toks40
\XKV@tempa@toks=\toks41
)
\XKV@depth=\count308
File: xkeyval.tex 2014/12/03 v2.7a key=value parser (HA)
))
\cellspacetoplimit=\dimen294
\cellspacebottomlimit=\dimen295
\cellspace@firstht=\dimen296
\cellspace@lastdp=\dimen297
) (c:/texlive/2023/texmf-dist/tex/latex/multirow/multirow.sty
Package: multirow 2021/03/15 v2.8 Span multiple rows of a table
\multirow@colwidth=\skip63
\multirow@cntb=\count309
\multirow@dima=\skip64
\bigstrutjot=\dimen298
) (c:/texlive/2023/texmf-dist/tex/latex/cancel/cancel.sty
Package: cancel 2013/04/12 v2.2 Cancel math terms
) (c:/texlive/2023/texmf-dist/tex/latex/stackengine/stackengine.sty
Package: stackengine 2021/07/22 v4.11\ Stacking text and objects in convenient ways
 (c:/texlive/2023/texmf-dist/tex/latex/etoolbox/etoolbox.sty
Package: etoolbox 2020/10/05 v2.5k e-TeX tools for LaTeX (JAW)
\etb@tempcnta=\count310
) (c:/texlive/2023/texmf-dist/tex/generic/listofitems/listofitems.sty (c:/texlive/2023/texmf-dist/tex/generic/listofitems/listofitems.tex
\loi_cnt_foreach_nest=\count311
\loi_nestcnt=\count312
)
Package: listofitems 2019/08/21 v1.63 Grab items in lists using user-specified sep char (CT)
)
\c@@stackindex=\count313
\@boxshift=\skip65
\stack@tmplength=\skip66
\temp@stkl=\skip67
\@stackedboxwidth=\skip68
\@addedbox=\box73
\@anchorbox=\box74
\@insetbox=\box75
\se@backgroundbox=\box76
\stackedbox=\box77
\@centerbox=\box78
\c@ROWcellindex@=\count314
) (c:/texlive/2023/texmf-dist/tex/generic/ulem/ulem.sty
\UL@box=\box79
\UL@hyphenbox=\box80
\UL@skip=\skip69
\UL@hook=\toks42
\UL@height=\dimen299
\UL@pe=\count315
\UL@pixel=\dimen300
\ULC@box=\box81
Package: ulem 2019/11/18
\ULdepth=\dimen301
) (c:/texlive/2023/texmf-dist/tex/latex/jknapltx/mathrsfs.sty
Package: mathrsfs 1996/01/01 Math RSFS package v1.0 (jk)
\symrsfs=\mathgroup7
) (c:/texlive/2023/texmf-dist/tex/latex/tcolorbox/tcolorbox.sty
Package: tcolorbox 2023/06/19 version 6.0.4 text color boxes
 (c:/texlive/2023/texmf-dist/tex/latex/tools/verbatim.sty
Package: verbatim 2022-07-02 v1.5u LaTeX2e package for verbatim enhancements
\every@verbatim=\toks43
\verbatim@line=\toks44
\verbatim@in@stream=\read3
)
\tcb@titlebox=\box82
\tcb@upperbox=\box83
\tcb@lowerbox=\box84
\tcb@phantombox=\box85
\c@tcbbreakpart=\count316
\c@tcblayer=\count317
\c@tcolorbox@number=\count318
\tcb@temp=\box86
\tcb@temp=\box87
\tcb@temp=\box88
\tcb@temp=\box89
 (c:/texlive/2023/texmf-dist/tex/latex/tcolorbox/tcbraster.code.tex
Library (tcolorbox): 'tcbraster.code.tex' version '6.0.4'
\c@tcbrastercolumn=\count319
\c@tcbrasterrow=\count320
\c@tcbrasternum=\count321
\c@tcbraster=\count322
) (c:/texlive/2023/texmf-dist/tex/latex/tcolorbox/tcbskins.code.tex
Library (tcolorbox): 'tcbskins.code.tex' version '6.0.4'
(c:/texlive/2023/texmf-dist/tex/latex/tikzfill/tikzfill.image.sty
Package: tikzfill.image 2022/07/20 v1.0.0 Image filling library for TikZ
 (c:/texlive/2023/texmf-dist/tex/latex/tikzfill/tikzfill-common.sty
Package: tikzfill-common 2022/07/20 v1.0.0 Auxiliary code for tikzfill
) (c:/texlive/2023/texmf-dist/tex/latex/tikzfill/tikzlibraryfill.image.code.tex
File: tikzlibraryfill.image.code.tex 2022/07/20 v1.0.0 Image filling library
\l__tikzfill_img_box=\box90
)) (c:/texlive/2023/texmf-dist/tex/latex/tcolorbox/tcbskinsjigsaw.code.tex
Library (tcolorbox): 'tcbskinsjigsaw.code.tex' version '6.0.4'
)) (c:/texlive/2023/texmf-dist/tex/latex/tcolorbox/tcbbreakable.code.tex
Library (tcolorbox): 'tcbbreakable.code.tex' version '6.0.4'
(c:/texlive/2023/texmf-dist/tex/latex/pdfcol/pdfcol.sty
Package: pdfcol 2022-09-21 v1.7 Handle new color stacks for pdfTeX (HO)
 (c:/texlive/2023/texmf-dist/tex/generic/ltxcmds/ltxcmds.sty
Package: ltxcmds 2020-05-10 v1.25 LaTeX kernel commands for general use (HO)
) (c:/texlive/2023/texmf-dist/tex/generic/infwarerr/infwarerr.sty
Package: infwarerr 2019/12/03 v1.5 Providing info/warning/error messages (HO)
) (c:/texlive/2023/texmf-dist/tex/generic/iftex/iftex.sty
Package: iftex 2022/02/03 v1.0f TeX engine tests
))
Package pdfcol Info: New color stack `tcb@breakable' = 1 on input line 23.
\tcb@testbox=\box91
\tcb@totalupperbox=\box92
\tcb@totallowerbox=\box93
) (c:/texlive/2023/texmf-dist/tex/latex/tcolorbox/tcbhooks.code.tex
Library (tcolorbox): 'tcbhooks.code.tex' version '6.0.4'
) (c:/texlive/2023/texmf-dist/tex/latex/tcolorbox/tcbtheorems.code.tex
Library (tcolorbox): 'tcbtheorems.code.tex' version '6.0.4'
) (c:/texlive/2023/texmf-dist/tex/latex/tcolorbox/tcbfitting.code.tex
Library (tcolorbox): 'tcbfitting.code.tex' version '6.0.4'
\tcbfitdim=\dimen302
\tcb@lowerfitdim=\dimen303
\tcb@upperfitdim=\dimen304
\tcb@cur@hbadness=\count323
)) (c:/texlive/2023/texmf-dist/tex/latex/mathtools/mathtools.sty
Package: mathtools 2022/06/29 v1.29 mathematical typesetting tools
 (c:/texlive/2023/texmf-dist/tex/latex/mathtools/mhsetup.sty
Package: mhsetup 2021/03/18 v1.4 programming setup (MH)
)
\g_MT_multlinerow_int=\count324
\l_MT_multwidth_dim=\dimen305
\origjot=\skip70
\l_MT_shortvdotswithinadjustabove_dim=\dimen306
\l_MT_shortvdotswithinadjustbelow_dim=\dimen307
\l_MT_above_intertext_sep=\dimen308
\l_MT_below_intertext_sep=\dimen309
\l_MT_above_shortintertext_sep=\dimen310
\l_MT_below_shortintertext_sep=\dimen311
\xmathstrut@box=\box94
\xmathstrut@dim=\dimen312
) (c:/texlive/2023/texmf-dist/tex/latex/amsfonts/amssymb.sty
Package: amssymb 2013/01/14 v3.01 AMS font symbols
 (c:/texlive/2023/texmf-dist/tex/latex/amsfonts/amsfonts.sty
Package: amsfonts 2013/01/14 v3.01 Basic AMSFonts support
\symAMSa=\mathgroup8
\symAMSb=\mathgroup9
LaTeX Font Info:    Redeclaring math symbol \hbar on input line 98.
LaTeX Font Info:    Overwriting math alphabet `\mathfrak' in version `bold'
(Font)                  U/euf/m/n --> U/euf/b/n on input line 106.
)) (c:/texlive/2023/texmf-dist/tex/latex/amscls/amsthm.sty
Package: amsthm 2020/05/29 v2.20.6
\thm@style=\toks45
\thm@bodyfont=\toks46
\thm@headfont=\toks47
\thm@notefont=\toks48
\thm@headpunct=\toks49
\thm@preskip=\skip71
\thm@postskip=\skip72
\thm@headsep=\skip73
\dth@everypar=\toks50
) (c:/texlive/2023/texmf-dist/tex/latex/stmaryrd/stmaryrd.sty
Package: stmaryrd 1994/03/03 St Mary's Road symbol package
\symstmry=\mathgroup10
LaTeX Font Info:    Overwriting symbol font `stmry' in version `bold'
(Font)                  U/stmry/m/n --> U/stmry/b/n on input line 89.
) (c:/texlive/2023/texmf-dist/tex/latex/caption/caption.sty
Package: caption 2023/03/12 v3.6j Customizing captions (AR)
 (c:/texlive/2023/texmf-dist/tex/latex/caption/caption3.sty
Package: caption3 2023/03/12 v2.4 caption3 kernel (AR)
\caption@tempdima=\dimen313
\captionmargin=\dimen314
\caption@leftmargin=\dimen315
\caption@rightmargin=\dimen316
\caption@width=\dimen317
\caption@indent=\dimen318
\caption@parindent=\dimen319
\caption@hangindent=\dimen320
Package caption Info: Standard document class detected.
)
\c@caption@flags=\count325
\c@continuedfloat=\count326
Package caption Info: longtable package is loaded.
 (c:/texlive/2023/texmf-dist/tex/latex/caption/ltcaption.sty
Package: ltcaption 2021/01/08 v1.4c longtable captions (AR)
)) (c:/texlive/2023/texmf-dist/tex/latex/enumitem/enumitem.sty
Package: enumitem 2019/06/20 v3.9 Customized lists
\labelindent=\skip74
\enit@outerparindent=\dimen321
\enit@toks=\toks51
\enit@inbox=\box95
\enit@count@id=\count327
\enitdp@description=\count328
) (c:/texlive/2023/texmf-dist/tex/latex/titlesec/titlesec.sty
Package: titlesec 2021/07/05 v2.14 Sectioning titles
\ttl@box=\box96
\beforetitleunit=\skip75
\aftertitleunit=\skip76
\ttl@plus=\dimen322
\ttl@minus=\dimen323
\ttl@toksa=\toks52
\titlewidth=\dimen324
\titlewidthlast=\dimen325
\titlewidthfirst=\dimen326
 (c:/texlive/2023/texmf-dist/tex/latex/titlesec/titleps.sty)) (c:/texlive/2023/texmf-dist/tex/latex/geometry/geometry.sty
Package: geometry 2020/01/02 v5.9 Page Geometry
 (c:/texlive/2023/texmf-dist/tex/generic/iftex/ifvtex.sty
Package: ifvtex 2019/10/25 v1.7 ifvtex legacy package. Use iftex instead.
)
\Gm@cnth=\count329
\Gm@cntv=\count330
\c@Gm@tempcnt=\count331
\Gm@bindingoffset=\dimen327
\Gm@wd@mp=\dimen328
\Gm@odd@mp=\dimen329
\Gm@even@mp=\dimen330
\Gm@layoutwidth=\dimen331
\Gm@layoutheight=\dimen332
\Gm@layouthoffset=\dimen333
\Gm@layoutvoffset=\dimen334
\Gm@dimlist=\toks53
) (c:/texlive/2023/texmf-dist/tex/latex/hyperref/hyperref.sty
Package: hyperref 2023-07-08 v7.01b Hypertext links for LaTeX
 (c:/texlive/2023/texmf-dist/tex/generic/pdftexcmds/pdftexcmds.sty
Package: pdftexcmds 2020-06-27 v0.33 Utility functions of pdfTeX for LuaTeX (HO)
Package pdftexcmds Info: \pdf@primitive is available.
Package pdftexcmds Info: \pdf@ifprimitive is available.
Package pdftexcmds Info: \pdfdraftmode found.
) (c:/texlive/2023/texmf-dist/tex/latex/kvsetkeys/kvsetkeys.sty
Package: kvsetkeys 2022-10-05 v1.19 Key value parser (HO)
) (c:/texlive/2023/texmf-dist/tex/generic/kvdefinekeys/kvdefinekeys.sty
Package: kvdefinekeys 2019-12-19 v1.6 Define keys (HO)
) (c:/texlive/2023/texmf-dist/tex/generic/pdfescape/pdfescape.sty
Package: pdfescape 2019/12/09 v1.15 Implements pdfTeX's escape features (HO)
) (c:/texlive/2023/texmf-dist/tex/latex/hycolor/hycolor.sty
Package: hycolor 2020-01-27 v1.10 Color options for hyperref/bookmark (HO)
) (c:/texlive/2023/texmf-dist/tex/latex/letltxmacro/letltxmacro.sty
Package: letltxmacro 2019/12/03 v1.6 Let assignment for LaTeX macros (HO)
) (c:/texlive/2023/texmf-dist/tex/latex/auxhook/auxhook.sty
Package: auxhook 2019-12-17 v1.6 Hooks for auxiliary files (HO)
) (c:/texlive/2023/texmf-dist/tex/latex/hyperref/nameref.sty
Package: nameref 2023-08-07 v2.53 Cross-referencing by name of section
 (c:/texlive/2023/texmf-dist/tex/latex/refcount/refcount.sty
Package: refcount 2019/12/15 v3.6 Data extraction from label references (HO)
) (c:/texlive/2023/texmf-dist/tex/generic/gettitlestring/gettitlestring.sty
Package: gettitlestring 2019/12/15 v1.6 Cleanup title references (HO)
 (c:/texlive/2023/texmf-dist/tex/latex/kvoptions/kvoptions.sty
Package: kvoptions 2022-06-15 v3.15 Key value format for package options (HO)
))
\c@section@level=\count332
)
\@linkdim=\dimen335
\Hy@linkcounter=\count333
\Hy@pagecounter=\count334
 (c:/texlive/2023/texmf-dist/tex/latex/hyperref/pd1enc.def
File: pd1enc.def 2023-07-08 v7.01b Hyperref: PDFDocEncoding definition (HO)
Now handling font encoding PD1 ...
... no UTF-8 mapping file for font encoding PD1
) (c:/texlive/2023/texmf-dist/tex/generic/intcalc/intcalc.sty
Package: intcalc 2019/12/15 v1.3 Expandable calculations with integers (HO)
)
\Hy@SavedSpaceFactor=\count335
 (c:/texlive/2023/texmf-dist/tex/latex/hyperref/puenc.def
File: puenc.def 2023-07-08 v7.01b Hyperref: PDF Unicode definition (HO)
Now handling font encoding PU ...
... no UTF-8 mapping file for font encoding PU
)
Package hyperref Info: Hyper figures OFF on input line 4167.
Package hyperref Info: Link nesting OFF on input line 4172.
Package hyperref Info: Hyper index ON on input line 4175.
Package hyperref Info: Plain pages OFF on input line 4182.
Package hyperref Info: Backreferencing OFF on input line 4187.
Package hyperref Info: Implicit mode ON; LaTeX internals redefined.
Package hyperref Info: Bookmarks ON on input line 4434.
\c@Hy@tempcnt=\count336
 (c:/texlive/2023/texmf-dist/tex/latex/url/url.sty
\Urlmuskip=\muskip17
Package: url 2013/09/16  ver 3.4  Verb mode for urls, etc.
)
LaTeX Info: Redefining \url on input line 4772.
\XeTeXLinkMargin=\dimen336
 (c:/texlive/2023/texmf-dist/tex/generic/bitset/bitset.sty
Package: bitset 2019/12/09 v1.3 Handle bit-vector datatype (HO)
 (c:/texlive/2023/texmf-dist/tex/generic/bigintcalc/bigintcalc.sty
Package: bigintcalc 2019/12/15 v1.5 Expandable calculations on big integers (HO)
))
\Fld@menulength=\count337
\Field@Width=\dimen337
\Fld@charsize=\dimen338
Package hyperref Info: Hyper figures OFF on input line 6051.
Package hyperref Info: Link nesting OFF on input line 6056.
Package hyperref Info: Hyper index ON on input line 6059.
Package hyperref Info: backreferencing OFF on input line 6066.
Package hyperref Info: Link coloring OFF on input line 6071.
Package hyperref Info: Link coloring with OCG OFF on input line 6076.
Package hyperref Info: PDF/A mode OFF on input line 6081.
 (c:/texlive/2023/texmf-dist/tex/latex/base/atbegshi-ltx.sty
Package: atbegshi-ltx 2021/01/10 v1.0c Emulation of the original atbegshi
package with kernel methods
)
\Hy@abspage=\count338
\c@Item=\count339
\c@Hfootnote=\count340
)
Package hyperref Info: Driver (autodetected): hpdftex.
 (c:/texlive/2023/texmf-dist/tex/latex/hyperref/hpdftex.def
File: hpdftex.def 2023-07-08 v7.01b Hyperref driver for pdfTeX
 (c:/texlive/2023/texmf-dist/tex/latex/base/atveryend-ltx.sty
Package: atveryend-ltx 2020/08/19 v1.0a Emulation of the original atveryend package
with kernel methods
)
\Fld@listcount=\count341
\c@bookmark@seq@number=\count342
 (c:/texlive/2023/texmf-dist/tex/latex/rerunfilecheck/rerunfilecheck.sty
Package: rerunfilecheck 2022-07-10 v1.10 Rerun checks for auxiliary files (HO)
 (c:/texlive/2023/texmf-dist/tex/generic/uniquecounter/uniquecounter.sty
Package: uniquecounter 2019/12/15 v1.4 Provide unlimited unique counter (HO)
)
Package uniquecounter Info: New unique counter `rerunfilecheck' on input line 285.
)
\Hy@SectionHShift=\skip77
)
Package hyperref Info: Option `colorlinks' set `true' on input line 144.
 (c:/texlive/2023/texmf-dist/tex/latex/subfiles/subfiles.sty
Package: subfiles 2020/11/14 v2.2 Multi-file projects (package)
 (c:/texlive/2023/texmf-dist/tex/latex/import/import.sty
Package: import 2020/04/01  v 6.2
)) (c:/texlive/2023/texmf-dist/tex/latex/tablefootnote/tablefootnote.sty
Package: tablefootnote 2014/01/26 v1.1c Table foot notes (HMM)
 (c:/texlive/2023/texmf-dist/tex/latex/xifthen/xifthen.sty
Package: xifthen 2015/11/05 v1.4.0 Extended ifthen features
 (c:/texlive/2023/texmf-dist/tex/latex/ifmtarg/ifmtarg.sty
Package: ifmtarg 2018/04/16 v1.2b check for an empty argument
)))) (c:/texlive/2023/texmf-dist/tex/latex/pdfpages/pdfpages.sty
Package: pdfpages 2022/12/19 v0.5x Insert pages of external PDF documents (AM)
 (c:/texlive/2023/texmf-dist/tex/latex/eso-pic/eso-pic.sty
Package: eso-pic 2023/05/03 v3.0c eso-pic (RN)
\ESO@tempdima=\dimen339
\ESO@tempdimb=\dimen340
)
\AM@pagewidth=\dimen341
\AM@pageheight=\dimen342
\AM@fboxrule=\dimen343
 (c:/texlive/2023/texmf-dist/tex/latex/pdfpages/pppdftex.def
File: pppdftex.def 2022/12/19 v0.5x Pdfpages driver for pdfTeX (AM)
)
\pdfpages@includegraphics@status=\count343
\AM@pagebox=\box97
\AM@global@opts=\toks54
\AM@pagecnt=\count344
\AM@toc@title=\toks55
\AM@lof@heading=\toks56
\c@AM@survey=\count345
\AM@templatesizebox=\box98
) (../Style/boxes.sty

LaTeX Warning: You have requested package `../Style/boxes',
               but the package provides `boxes'.

Package: boxes 
) (../Style/Env.sty

LaTeX Warning: You have requested package `../Style/Env',
               but the package provides `Env'.

Package: Env 
\c@tcb@cnt@example=\count346
) (../Style/DefNoteFact.sty

LaTeX Warning: You have requested package `../Style/DefNoteFact',
               but the package provides `DefNoteFact'.

Package: DefNoteFact 
\c@tcb@cnt@definition=\count347
) (../Style/QnsProof.sty

LaTeX Warning: You have requested package `../Style/QnsProof',
               but the package provides `QnsProof'.

Package: QnsProof 
\c@Qns=\count348
) (../Style/Thms.sty

LaTeX Warning: You have requested package `../Style/Thms',
               but the package provides `Thms'.

Package: Thms 
\c@tcb@cnt@theorem=\count349
) (c:/texlive/2023/texmf-dist/tex/latex/newpx/newpxtext.sty
Package: newpxtext 2022/01/30 v1.504(Michael Sharpe) latex and unicode latex support for TeXGyrePagellaX
 `newpxtext' v1.504, 2022/01/30 Text macros taking advantage of TeXGyre Pagella and its extensions (msharpe) (c:/texlive/2023/texmf-dist/tex/latex/base/fontenc.sty
Package: fontenc 2021/04/29 v2.0v Standard LaTeX package
) (c:/texlive/2023/texmf-dist/tex/generic/iftex/ifxetex.sty
Package: ifxetex 2019/10/25 v0.7 ifxetex legacy package. Use iftex instead.
) (c:/texlive/2023/texmf-dist/tex/generic/iftex/ifluatex.sty
Package: ifluatex 2019/10/25 v1.5 ifluatex legacy package. Use iftex instead.
) (c:/texlive/2023/texmf-dist/tex/latex/base/textcomp.sty
Package: textcomp 2020/02/02 v2.0n Standard LaTeX package
) (c:/texlive/2023/texmf-dist/tex/generic/xstring/xstring.sty (c:/texlive/2023/texmf-dist/tex/generic/xstring/xstring.tex
\integerpart=\count350
\decimalpart=\count351
)
Package: xstring 2023/01/14 v1.85 String manipulations (CT)
) (c:/texlive/2023/texmf-dist/tex/latex/carlisle/scalefnt.sty)
LaTeX Font Info:    Setting zplLF sub-encoding to TS1/0 on input line 24.
LaTeX Font Info:    Setting zplTLF sub-encoding to TS1/0 on input line 24.
LaTeX Font Info:    Setting zplOsF sub-encoding to TS1/0 on input line 24.
LaTeX Font Info:    Setting zplTOsF sub-encoding to TS1/0 on input line 24.
\zpl@cnt=\count352
 (c:/texlive/2023/texmf-dist/tex/latex/fontaxes/fontaxes.sty
Package: fontaxes 2020/07/21 v1.0e Font selection axes
LaTeX Info: Redefining \upshape on input line 29.
LaTeX Info: Redefining \itshape on input line 31.
LaTeX Info: Redefining \slshape on input line 33.
LaTeX Info: Redefining \swshape on input line 35.
LaTeX Info: Redefining \scshape on input line 37.
LaTeX Info: Redefining \sscshape on input line 39.
LaTeX Info: Redefining \ulcshape on input line 41.
LaTeX Info: Redefining \textsw on input line 47.
LaTeX Info: Redefining \textssc on input line 48.
LaTeX Info: Redefining \textulc on input line 49.
)
LaTeX Info: Redefining \nustyle on input line 254.
LaTeX Info: Redefining \textsu on input line 492.
LaTeX Info: Redefining \oldstylenums on input line 581.
) (c:/texlive/2023/texmf-dist/tex/latex/eulerpx/eulerpx.sty
Package: eulerpx 2022/07/14 v1.0

Package: `eulerpx' v1.0 <2022/07/14>
(c:/texlive/2023/texmf-dist/tex/latex/newpx/newpxmath.sty
Package: newpxmath 2021/12/04 v1.5
 `newpxmath' v1.5, 2021/12/04 Math macros based on pxfonts (msharpe) (c:/texlive/2023/texmf-dist/tex/generic/kastrup/binhex.tex) (c:/texlive/2023/texmf-dist/tex/latex/oberdiek/centernot.sty
Package: centernot 2016/05/16 v1.4 Centers the not symbol horizontally (HO)
)
\px@tA=\toks57
\px@tB=\toks58
\px@su=\read4
\px@Isdigit=\count353
LaTeX Font Info:    Redeclaring symbol font `operators' on input line 211.
LaTeX Font Info:    Overwriting symbol font `operators' in version `normal'
(Font)                  OT1/cmr/m/n --> OT1/zplTLF/m/n on input line 211.
LaTeX Font Info:    Overwriting symbol font `operators' in version `bold'
(Font)                  OT1/cmr/bx/n --> OT1/zplTLF/m/n on input line 211.
LaTeX Font Info:    Overwriting symbol font `operators' in version `bold'
(Font)                  OT1/zplTLF/m/n --> OT1/zplTLF/b/n on input line 212.
LaTeX Font Info:    Redeclaring math alphabet \mathsf on input line 215.
LaTeX Font Info:    Overwriting math alphabet `\mathsf' in version `normal'
(Font)                  OT1/cmss/m/n --> T1/qhv/m/n on input line 215.
LaTeX Font Info:    Overwriting math alphabet `\mathsf' in version `bold'
(Font)                  OT1/cmss/bx/n --> T1/qhv/m/n on input line 215.
LaTeX Font Info:    Redeclaring math alphabet \mathit on input line 216.
LaTeX Font Info:    Overwriting math alphabet `\mathit' in version `normal'
(Font)                  OT1/cmr/m/it --> OT1/zplTLF/m/it on input line 216.
LaTeX Font Info:    Overwriting math alphabet `\mathit' in version `bold'
(Font)                  OT1/cmr/bx/it --> OT1/zplTLF/m/it on input line 216.
LaTeX Font Info:    Redeclaring math alphabet \mathtt on input line 217.
LaTeX Font Info:    Overwriting math alphabet `\mathtt' in version `normal'
(Font)                  OT1/cmtt/m/n --> T1/npxtt/m/n on input line 217.
LaTeX Font Info:    Overwriting math alphabet `\mathtt' in version `bold'
(Font)                  OT1/cmtt/m/n --> T1/npxtt/m/n on input line 217.
LaTeX Font Info:    Redeclaring math alphabet \mathbf on input line 219.
LaTeX Font Info:    Overwriting math alphabet `\mathit' in version `bold'
(Font)                  OT1/zplTLF/m/it --> OT1/zplTLF/b/it on input line 220.
LaTeX Font Info:    Overwriting math alphabet `\mathsf' in version `bold'
(Font)                  T1/qhv/m/n --> T1/qhv/b/n on input line 222.
LaTeX Font Info:    Overwriting math alphabet `\mathtt' in version `bold'
(Font)                  T1/npxtt/m/n --> T1/npxtt/b/n on input line 223.
LaTeX Font Info:    Redeclaring symbol font `letters' on input line 234.
LaTeX Font Info:    Overwriting symbol font `letters' in version `normal'
(Font)                  OML/cmm/m/it --> OML/npxmi/m/it on input line 234.
LaTeX Font Info:    Overwriting symbol font `letters' in version `bold'
(Font)                  OML/cmm/b/it --> OML/npxmi/m/it on input line 234.
LaTeX Font Info:    Overwriting symbol font `letters' in version `bold'
(Font)                  OML/npxmi/m/it --> OML/npxmi/b/it on input line 235.
\symlettersA=\mathgroup11
LaTeX Font Info:    Overwriting symbol font `lettersA' in version `bold'
(Font)                  U/npxmia/m/it --> U/npxmia/b/it on input line 253.
LaTeX Font Info:    Redeclaring math alphabet \mathfrak on input line 255.
Now handling font encoding LMS ...
... no UTF-8 mapping file for font encoding LMS
LaTeX Font Info:    Redeclaring symbol font `symbols' on input line 263.
LaTeX Font Info:    Encoding `OMS' has changed to `LMS' for symbol font
(Font)              `symbols' in the math version `normal' on input line 263.
LaTeX Font Info:    Overwriting symbol font `symbols' in version `normal'
(Font)                  OMS/cmsy/m/n --> LMS/npxsy/m/n on input line 263.
LaTeX Font Info:    Encoding `OMS' has changed to `LMS' for symbol font
(Font)              `symbols' in the math version `bold' on input line 263.
LaTeX Font Info:    Overwriting symbol font `symbols' in version `bold'
(Font)                  OMS/cmsy/b/n --> LMS/npxsy/m/n on input line 263.
LaTeX Font Info:    Overwriting symbol font `symbols' in version `bold'
(Font)                  LMS/npxsy/m/n --> LMS/npxsy/b/n on input line 264.
\symAMSm=\mathgroup12
LaTeX Font Info:    Overwriting symbol font `AMSm' in version `bold'
(Font)                  U/npxsym/m/n --> U/npxsym/b/n on input line 284.
\symsymbolsC=\mathgroup13
LaTeX Font Info:    Overwriting symbol font `symbolsC' in version `bold'
(Font)                  U/npxsyc/m/n --> U/npxsyc/b/n on input line 306.
Now handling font encoding LMX ...
... no UTF-8 mapping file for font encoding LMX
LaTeX Font Info:    Redeclaring symbol font `largesymbols' on input line 326.
LaTeX Font Info:    Encoding `OMX' has changed to `LMX' for symbol font
(Font)              `largesymbols' in the math version `normal' on input line 326.
LaTeX Font Info:    Overwriting symbol font `largesymbols' in version `normal'
(Font)                  OMX/cmex/m/n --> LMX/npxexx/m/n on input line 326.
LaTeX Font Info:    Encoding `OMX' has changed to `LMX' for symbol font
(Font)              `largesymbols' in the math version `bold' on input line 326.
LaTeX Font Info:    Overwriting symbol font `largesymbols' in version `bold'
(Font)                  OMX/cmex/m/n --> LMX/npxexx/m/n on input line 326.
LaTeX Font Info:    Overwriting symbol font `largesymbols' in version `bold'
(Font)                  LMX/npxexx/m/n --> LMX/npxexx/b/n on input line 327.
\symlargesymbolsPXA=\mathgroup14
LaTeX Font Info:    Overwriting symbol font `largesymbolsPXA' in version `bold'
(Font)                  U/npxexa/m/n --> U/npxexa/b/n on input line 334.
\px@cntz=\count354
\px@IsAlNum=\count355
\px@sbptoks=\toks59
LaTeX Font Info:    Redeclaring math delimiter \lfloor on input line 489.
LaTeX Font Info:    Redeclaring math delimiter \rfloor on input line 490.
LaTeX Font Info:    Redeclaring math delimiter \lceil on input line 491.
LaTeX Font Info:    Redeclaring math delimiter \rceil on input line 492.
LaTeX Font Info:    Redeclaring math delimiter \lbrace on input line 493.
LaTeX Font Info:    Redeclaring math delimiter \rbrace on input line 494.
LaTeX Font Info:    Redeclaring math delimiter \langle on input line 495.
LaTeX Font Info:    Redeclaring math delimiter \rangle on input line 497.
LaTeX Font Info:    Redeclaring math delimiter \arrowvert on input line 501.
LaTeX Font Info:    Redeclaring math delimiter \vert on input line 502.
LaTeX Font Info:    Redeclaring math symbol \parallel on input line 503.
LaTeX Font Info:    Redeclaring math delimiter \Arrowvert on input line 504.
LaTeX Font Info:    Redeclaring math accent \grave on input line 544.
LaTeX Font Info:    Redeclaring math accent \acute on input line 545.
LaTeX Font Info:    Redeclaring math accent \hat on input line 546.
LaTeX Font Info:    Redeclaring math accent \tilde on input line 547.
LaTeX Font Info:    Redeclaring math accent \bar on input line 548.
LaTeX Font Info:    Redeclaring math accent \breve on input line 549.
LaTeX Font Info:    Redeclaring math accent \mathring on input line 550.
LaTeX Font Info:    Redeclaring math accent \check on input line 551.
LaTeX Font Info:    Redeclaring math accent \dot on input line 555.
LaTeX Font Info:    Redeclaring math accent \ddot on input line 556.
LaTeX Font Info:    Redeclaring math accent \vec on input line 1598.
LaTeX Info: Redefining \Bbbk on input line 2175.
LaTeX Info: Redefining \not on input line 2457.
LaTeX Info: Redefining \textsquare on input line 2472.
LaTeX Info: Redefining \openbox on input line 2474.
)
LaTeX Font Info:    Redeclaring math symbol \ldotp on input line 104.
LaTeX Font Info:    Redeclaring symbol font `operators' on input line 108.
LaTeX Font Info:    Overwriting symbol font `operators' in version `normal'
(Font)                  OT1/zplTLF/m/n --> OT1/zplTLF/m/n on input line 108.
LaTeX Font Info:    Overwriting symbol font `operators' in version `bold'
(Font)                  OT1/zplTLF/b/n --> OT1/zplTLF/m/n on input line 108.
LaTeX Font Info:    Overwriting symbol font `operators' in version `bold'
(Font)                  OT1/zplTLF/m/n --> OT1/zplTLF/b/n on input line 109.
LaTeX Font Info:    Redeclaring math alphabet \mathsf on input line 114.
LaTeX Font Info:    Overwriting math alphabet `\mathsf' in version `normal'
(Font)                  T1/qhv/m/n --> T1/qhv/m/n on input line 114.
LaTeX Font Info:    Overwriting math alphabet `\mathsf' in version `bold'
(Font)                  T1/qhv/b/n --> T1/qhv/m/n on input line 114.
LaTeX Font Info:    Redeclaring math alphabet \mathit on input line 115.
LaTeX Font Info:    Overwriting math alphabet `\mathit' in version `normal'
(Font)                  OT1/zplTLF/m/it --> OT1/zplTLF/m/it on input line 115.
LaTeX Font Info:    Overwriting math alphabet `\mathit' in version `bold'
(Font)                  OT1/zplTLF/b/it --> OT1/zplTLF/m/it on input line 115.
LaTeX Font Info:    Redeclaring math alphabet \mathtt on input line 116.
LaTeX Font Info:    Overwriting math alphabet `\mathtt' in version `normal'
(Font)                  T1/npxtt/m/n --> T1/npxtt/m/n on input line 116.
LaTeX Font Info:    Overwriting math alphabet `\mathtt' in version `bold'
(Font)                  T1/npxtt/b/n --> T1/npxtt/m/n on input line 116.
LaTeX Font Info:    Overwriting math alphabet `\mathsf' in version `bold'
(Font)                  T1/qhv/m/n --> T1/qhv/b/n on input line 117.
LaTeX Font Info:    Overwriting math alphabet `\mathit' in version `bold'
(Font)                  OT1/zplTLF/m/it --> OT1/zplTLF/b/it on input line 118.
LaTeX Font Info:    Overwriting math alphabet `\mathtt' in version `bold'
(Font)                  T1/npxtt/m/n --> T1/npxtt/b/n on input line 119.
LaTeX Font Info:    Redeclaring math alphabet \mathbf on input line 120.
LaTeX Font Info:    Overwriting math alphabet `\mathbf' in version `normal'
(Font)                  OT1/zplTLF/b/n --> OT1/zplTLF/b/n on input line 120.
LaTeX Font Info:    Overwriting math alphabet `\mathbf' in version `bold'
(Font)                  OT1/zplTLF/b/n --> OT1/zplTLF/b/n on input line 120.
\symEulerRoman=\mathgroup15
LaTeX Font Info:    Overwriting symbol font `EulerRoman' in version `bold'
(Font)                  U/zeur/m/n --> U/zeur/b/n on input line 124.
LaTeX Font Info:    Overwriting math alphabet `\mathscr' in version `bold'
(Font)                  U/zeus/m/n --> U/zeus/b/n on input line 132.
LaTeX Font Info:    Overwriting math alphabet `\mathfrak' in version `bold'
(Font)                  U/euf/m/n --> U/euf/b/n on input line 151.
LaTeX Font Info:    Redeclaring math symbol \Gamma on input line 156.
LaTeX Font Info:    Redeclaring math symbol \Delta on input line 157.
LaTeX Font Info:    Redeclaring math symbol \Theta on input line 158.
LaTeX Font Info:    Redeclaring math symbol \Lambda on input line 159.
LaTeX Font Info:    Redeclaring math symbol \Xi on input line 160.
LaTeX Font Info:    Redeclaring math symbol \Pi on input line 161.
LaTeX Font Info:    Redeclaring math symbol \Sigma on input line 162.
LaTeX Font Info:    Redeclaring math symbol \Upsilon on input line 163.
LaTeX Font Info:    Redeclaring math symbol \Phi on input line 164.
LaTeX Font Info:    Redeclaring math symbol \Psi on input line 165.
LaTeX Font Info:    Redeclaring math symbol \Omega on input line 166.
LaTeX Font Info:    Redeclaring math symbol \alpha on input line 169.
LaTeX Font Info:    Redeclaring math symbol \beta on input line 170.
LaTeX Font Info:    Redeclaring math symbol \gamma on input line 171.
LaTeX Font Info:    Redeclaring math symbol \delta on input line 172.
LaTeX Font Info:    Redeclaring math symbol \epsilon on input line 173.
LaTeX Font Info:    Redeclaring math symbol \zeta on input line 174.
LaTeX Font Info:    Redeclaring math symbol \eta on input line 175.
LaTeX Font Info:    Redeclaring math symbol \theta on input line 176.
LaTeX Font Info:    Redeclaring math symbol \iota on input line 177.
LaTeX Font Info:    Redeclaring math symbol \kappa on input line 178.
LaTeX Font Info:    Redeclaring math symbol \lambda on input line 179.
LaTeX Font Info:    Redeclaring math symbol \mu on input line 180.
LaTeX Font Info:    Redeclaring math symbol \nu on input line 181.
LaTeX Font Info:    Redeclaring math symbol \xi on input line 182.
LaTeX Font Info:    Redeclaring math symbol \pi on input line 183.
LaTeX Font Info:    Redeclaring math symbol \rho on input line 184.
LaTeX Font Info:    Redeclaring math symbol \sigma on input line 185.
LaTeX Font Info:    Redeclaring math symbol \tau on input line 186.
LaTeX Font Info:    Redeclaring math symbol \upsilon on input line 187.
LaTeX Font Info:    Redeclaring math symbol \phi on input line 188.
LaTeX Font Info:    Redeclaring math symbol \chi on input line 189.
LaTeX Font Info:    Redeclaring math symbol \psi on input line 190.
LaTeX Font Info:    Redeclaring math symbol \omega on input line 191.
LaTeX Font Info:    Redeclaring math symbol \varepsilon on input line 192.
LaTeX Font Info:    Redeclaring math symbol \vartheta on input line 193.
LaTeX Font Info:    Redeclaring math symbol \varpi on input line 194.
LaTeX Font Info:    Redeclaring math symbol \varphi on input line 197.
LaTeX Font Info:    Redeclaring math symbol \partial on input line 215.
LaTeX Font Info:    Redeclaring math symbol \ell on input line 245.
LaTeX Font Info:    Redeclaring math symbol \imath on input line 275.
LaTeX Font Info:    Redeclaring math symbol \jmath on input line 276.
LaTeX Font Info:    Redeclaring math symbol \wp on input line 277.
) (c:/texlive/2023/texmf-dist/tex/latex/bbding/bbding.sty
Package: bbding 1999/04/15 v1.01 Dingbats symbols
)
LaTeX Font Info:    Trying to load font information for T1+zplTLF on input line 11.
 (c:/texlive/2023/texmf-dist/tex/latex/newpx/t1zpltlf.fd
File: t1zpltlf.fd 2021/05/25 v1.0 font definition file for T1/zpl/TLF
)
LaTeX Font Info:    Font shape `T1/zplTLF/m/n' will be
(Font)              scaled to size 10.0pt on input line 11.
 (./ALPhys.aux)
\openout1 = `ALPhys.aux'.

LaTeX Font Info:    Checking defaults for OML/npxmi/m/it on input line 11.
LaTeX Font Info:    Trying to load font information for OML+npxmi on input line 11.
 (c:/texlive/2023/texmf-dist/tex/latex/newpx/omlnpxmi.fd
File: omlnpxmi.fd 2013/03/21 Fontinst v1.933 font definitions for OML/npxmi.
)
LaTeX Font Info:    ... okay on input line 11.
LaTeX Font Info:    Checking defaults for OMS/cmsy/m/n on input line 11.
LaTeX Font Info:    ... okay on input line 11.
LaTeX Font Info:    Checking defaults for OT1/cmr/m/n on input line 11.
LaTeX Font Info:    ... okay on input line 11.
LaTeX Font Info:    Checking defaults for T1/cmr/m/n on input line 11.
LaTeX Font Info:    ... okay on input line 11.
LaTeX Font Info:    Checking defaults for TS1/cmr/m/n on input line 11.
LaTeX Font Info:    ... okay on input line 11.
LaTeX Font Info:    Checking defaults for OMX/cmex/m/n on input line 11.
LaTeX Font Info:    ... okay on input line 11.
LaTeX Font Info:    Checking defaults for U/npxexa/m/n on input line 11.
LaTeX Font Info:    Trying to load font information for U+npxexa on input line 11.
 (c:/texlive/2023/texmf-dist/tex/latex/newpx/unpxexa.fd
File: unpxexa.fd 2013/03/24 Fontinst v1.933 font definitions for U/npxexa.
)
LaTeX Font Info:    ... okay on input line 11.
LaTeX Font Info:    Checking defaults for PD1/pdf/m/n on input line 11.
LaTeX Font Info:    ... okay on input line 11.
LaTeX Font Info:    Checking defaults for PU/pdf/m/n on input line 11.
LaTeX Font Info:    ... okay on input line 11.
LaTeX Font Info:    Checking defaults for LMS/npxsy/m/n on input line 11.
LaTeX Font Info:    Trying to load font information for LMS+npxsy on input line 11.
 (c:/texlive/2023/texmf-dist/tex/latex/newpx/lmsnpxsy.fd
File: lmsnpxsy.fd 2016/07/04 Fontinst v1.933 font definitions for LMS/npxsy.
)
LaTeX Font Info:    ... okay on input line 11.
LaTeX Font Info:    Checking defaults for LMX/npxexx/m/n on input line 11.
LaTeX Font Info:    Trying to load font information for LMX+npxexx on input line 11.
 (c:/texlive/2023/texmf-dist/tex/latex/newpx/lmxnpxexx.fd
File: lmxnpxexx.fd 2016/07/04 Fontinst v1.933 font definitions for LMX/npxexx.
)
LaTeX Font Info:    ... okay on input line 11.
 (c:/texlive/2023/texmf-dist/tex/context/base/mkii/supp-pdf.mkii
[Loading MPS to PDF converter (version 2006.09.02).]
\scratchcounter=\count356
\scratchdimen=\dimen344
\scratchbox=\box99
\nofMPsegments=\count357
\nofMParguments=\count358
\everyMPshowfont=\toks60
\MPscratchCnt=\count359
\MPscratchDim=\dimen345
\MPnumerator=\count360
\makeMPintoPDFobject=\count361
\everyMPtoPDFconversion=\toks61
) (c:/texlive/2023/texmf-dist/tex/latex/epstopdf-pkg/epstopdf-base.sty
Package: epstopdf-base 2020-01-24 v2.11 Base part for package epstopdf
Package epstopdf-base Info: Redefining graphics rule for `.eps' on input line 485.
 (c:/texlive/2023/texmf-dist/tex/latex/latexconfig/epstopdf-sys.cfg
File: epstopdf-sys.cfg 2010/07/13 v1.3 Configuration of (r)epstopdf for TeX Live
))
LaTeX Info: Command `\dddot' is already robust on input line 11.
LaTeX Info: Command `\ddddot' is already robust on input line 11.
Package caption Info: Begin \AtBeginDocument code.
Package caption Info: hyperref package is loaded.
Package caption Info: End \AtBeginDocument code.

*geometry* driver: auto-detecting
*geometry* detected driver: pdftex
*geometry* verbose mode - [ preamble ] result:
* driver: pdftex
* paper: <default>
* layout: <same size as paper>
* layoutoffset:(h,v)=(0.0pt,0.0pt)
* modes: 
* h-part:(L,W,R)=(92.14519pt, 430.00462pt, 92.14519pt)
* v-part:(T,H,B)=(95.39737pt, 656.8935pt, 42.67912pt)
* \paperwidth=614.295pt
* \paperheight=794.96999pt
* \textwidth=430.00462pt
* \textheight=656.8935pt
* \oddsidemargin=19.8752pt
* \evensidemargin=19.8752pt
* \topmargin=-6.94011pt
* \headheight=12.0pt
* \headsep=18.06749pt
* \topskip=10.0pt
* \footskip=25.29494pt
* \marginparwidth=69.0pt
* \marginparsep=7.0pt
* \columnsep=10.0pt
* \skip\footins=9.0pt plus 4.0pt minus 2.0pt
* \hoffset=0.0pt
* \voffset=0.0pt
* \mag=1000
* \@twocolumnfalse
* \@twosidefalse
* \@mparswitchfalse
* \@reversemarginfalse
* (1in=72.27pt=25.4mm, 1cm=28.453pt)

Package hyperref Info: Link coloring ON on input line 11.
(./ALPhys.out) (./ALPhys.out)
\@outlinefile=\write4
\openout4 = `ALPhys.out'.

 (c:/texlive/2023/texmf-dist/tex/latex/pdflscape/pdflscape.sty
Package: pdflscape 2022-10-27 v0.13 Display of landscape pages in PDF
 (c:/texlive/2023/texmf-dist/tex/latex/pdflscape/pdflscape-nometadata.sty
Package: pdflscape-nometadata 2022-10-28 v0.13 Display of landscape pages in PDF (HO)
 (c:/texlive/2023/texmf-dist/tex/latex/graphics/lscape.sty
Package: lscape 2020/05/28 v3.02 Landscape Pages (DPC)
)
Package pdflscape Info: Auto-detected driver: pdftex on input line 81.
))
\c@mv@tabular=\count362
\c@mv@boldtabular=\count363
 (./Titlepage.tex
LaTeX Font Info:    Trying to load font information for T1+qhv on input line 5.
 (c:/texlive/2023/texmf-dist/tex/latex/tex-gyre/t1qhv.fd
File: t1qhv.fd 2009/09/25 v1.2 font definition file for T1/qhv
)
LaTeX Font Info:    Font shape `T1/qhv/m/n' will be
(Font)              scaled to size 9.40002pt on input line 5.
LaTeX Font Info:    Trying to load font information for OT1+zplTLF on input line 6.
 (c:/texlive/2023/texmf-dist/tex/latex/newpx/ot1zpltlf.fd
File: ot1zpltlf.fd 2021/05/25 v1.0 font definition file for OT1/zpl/TLF
)
LaTeX Font Info:    Font shape `OT1/zplTLF/m/n' will be
(Font)              scaled to size 10.0pt on input line 6.
LaTeX Font Info:    Font shape `OT1/zplTLF/m/n' will be
(Font)              scaled to size 7.3pt on input line 6.
LaTeX Font Info:    Font shape `OT1/zplTLF/m/n' will be
(Font)              scaled to size 5.5pt on input line 6.
LaTeX Font Info:    Font shape `OML/npxmi/m/it' will be
(Font)              scaled to size 10.0pt on input line 6.
LaTeX Font Info:    Font shape `OML/npxmi/m/it' will be
(Font)              scaled to size 7.3pt on input line 6.
LaTeX Font Info:    Font shape `OML/npxmi/m/it' will be
(Font)              scaled to size 5.5pt on input line 6.
LaTeX Font Info:    Font shape `LMS/npxsy/m/n' will be
(Font)              scaled to size 10.0pt on input line 6.
LaTeX Font Info:    Font shape `LMS/npxsy/m/n' will be
(Font)              scaled to size 7.3pt on input line 6.
LaTeX Font Info:    Font shape `LMS/npxsy/m/n' will be
(Font)              scaled to size 5.5pt on input line 6.
LaTeX Font Info:    Font shape `LMX/npxexx/m/n' will be
(Font)              scaled to size 10.0pt on input line 6.
LaTeX Font Info:    Font shape `LMX/npxexx/m/n' will be
(Font)              scaled to size 7.3pt on input line 6.
LaTeX Font Info:    Font shape `LMX/npxexx/m/n' will be
(Font)              scaled to size 5.5pt on input line 6.


LaTeX Font Warning: Font shape `OT1/cmr/bx/n' in size <5.5> not available
(Font)              size <5> substituted on input line 6.


LaTeX Font Warning: Font shape `OML/cmm/b/it' in size <5.5> not available
(Font)              size <5> substituted on input line 6.


LaTeX Font Warning: Font shape `OMS/cmsy/b/n' in size <5.5> not available
(Font)              size <5> substituted on input line 6.

LaTeX Font Info:    Trying to load font information for U+rsfs on input line 6.
(c:/texlive/2023/texmf-dist/tex/latex/jknapltx/ursfs.fd
File: ursfs.fd 1998/03/24 rsfs font definition file (jk)
)

LaTeX Font Warning: Font shape `U/rsfs/m/n' in size <5.5> not available
(Font)              size <5> substituted on input line 6.

LaTeX Font Info:    Trying to load font information for U+msa on input line 6.
(c:/texlive/2023/texmf-dist/tex/latex/amsfonts/umsa.fd
File: umsa.fd 2013/01/14 v3.01 AMS symbols A
)
LaTeX Font Info:    Trying to load font information for U+msb on input line 6.
 (c:/texlive/2023/texmf-dist/tex/latex/amsfonts/umsb.fd
File: umsb.fd 2013/01/14 v3.01 AMS symbols B
)
LaTeX Font Info:    Trying to load font information for U+stmry on input line 6.
 (c:/texlive/2023/texmf-dist/tex/latex/stmaryrd/Ustmry.fd)

LaTeX Font Warning: Font shape `U/stmry/m/n' in size <5.5> not available
(Font)              size <5> substituted on input line 6.

LaTeX Font Info:    Trying to load font information for U+npxmia on input line 6.
(c:/texlive/2023/texmf-dist/tex/latex/newpx/unpxmia.fd
File: unpxmia.fd 2013/03/24 Fontinst v1.933 font definitions for U/npxmia.
)
LaTeX Font Info:    Font shape `U/npxmia/m/it' will be
(Font)              scaled to size 10.0pt on input line 6.
LaTeX Font Info:    Font shape `U/npxmia/m/it' will be
(Font)              scaled to size 7.3pt on input line 6.
LaTeX Font Info:    Font shape `U/npxmia/m/it' will be
(Font)              scaled to size 5.5pt on input line 6.
LaTeX Font Info:    Trying to load font information for U+npxsym on input line 6.
 (c:/texlive/2023/texmf-dist/tex/latex/newpx/unpxsym.fd
File: unpxsym.fd 2015/03/21 Fontinst v1.933 font definitions for U/npxsym.
)
LaTeX Font Info:    Font shape `U/npxsym/m/n' will be
(Font)              scaled to size 10.0pt on input line 6.
LaTeX Font Info:    Font shape `U/npxsym/m/n' will be
(Font)              scaled to size 7.3pt on input line 6.
LaTeX Font Info:    Font shape `U/npxsym/m/n' will be
(Font)              scaled to size 5.5pt on input line 6.
LaTeX Font Info:    Trying to load font information for U+npxsyc on input line 6.
 (c:/texlive/2023/texmf-dist/tex/latex/newpx/unpxsyc.fd
File: unpxsyc.fd 2013/03/24 Fontinst v1.933 font definitions for U/npxsyc.
)
LaTeX Font Info:    Font shape `U/npxsyc/m/n' will be
(Font)              scaled to size 10.0pt on input line 6.
LaTeX Font Info:    Font shape `U/npxsyc/m/n' will be
(Font)              scaled to size 7.3pt on input line 6.
LaTeX Font Info:    Font shape `U/npxsyc/m/n' will be
(Font)              scaled to size 5.5pt on input line 6.
LaTeX Font Info:    Font shape `U/npxexa/m/n' will be
(Font)              scaled to size 10.0pt on input line 6.
LaTeX Font Info:    Font shape `U/npxexa/m/n' will be
(Font)              scaled to size 7.3pt on input line 6.
LaTeX Font Info:    Font shape `U/npxexa/m/n' will be
(Font)              scaled to size 5.5pt on input line 6.
LaTeX Font Info:    Trying to load font information for U+zeur on input line 6.
 (c:/texlive/2023/texmf-dist/tex/latex/eulervm/uzeur.fd
File: uzeur.fd 2005/01/11 v4.0 (WaS)
)
LaTeX Font Info:    Font shape `U/zeur/m/n' will be
(Font)              scaled to size 10.0pt on input line 6.
LaTeX Font Info:    Font shape `U/zeur/m/n' will be
(Font)              scaled to size 7.3pt on input line 6.
LaTeX Font Info:    Font shape `U/zeur/m/n' will be
(Font)              scaled to size 5.5pt on input line 6.
LaTeX Font Info:    Font shape `T1/qhv/m/n' will be
(Font)              scaled to size 23.38725pt on input line 8.
LaTeX Font Info:    Font shape `T1/qhv/m/n' will be
(Font)              scaled to size 13.53603pt on input line 11.
LaTeX Font Info:    Font shape `T1/zplTLF/b/n' will be
(Font)              scaled to size 10.0pt on input line 20.
LaTeX Font Info:    Font shape `T1/zplTLF/b/n' will be
(Font)              scaled to size 20.74pt on input line 20.
 (./ALPhys.toc)
\tf@toc=\write5
\openout5 = `ALPhys.toc'.

 [1



{c:/texlive/2023/texmf-var/fonts/map/pdftex/updmap/pdftex.map}{c:/texlive/2023/texmf-dist/fonts/enc/dvips/tex-gyre/q-ec.enc}{c:/texlive/2023/texmf-dist/fonts/enc/dvips/newtx/ntx-ec-tlf.enc}])
Chapter 1.
<../images/Kinematics/schieferWurf.pdf, id=125, 462.35736pt x 277.41643pt>
File: ../images/Kinematics/schieferWurf.pdf Graphic file (type pdf)
<use ../images/Kinematics/schieferWurf.pdf>
Package pdftex.def Info: ../images/Kinematics/schieferWurf.pdf  used on input line 18.
(pdftex.def)             Requested size: 430.00462pt x 258.01152pt.
LaTeX Font Info:    Trying to load font information for TS1+zplTLF on input line 21.
(c:/texlive/2023/texmf-dist/tex/latex/newpx/ts1zpltlf.fd
File: ts1zpltlf.fd 2021/11/24 v1.0 fd file for TS1/zplTLF
)
LaTeX Font Info:    Font shape `TS1/zplTLF/m/n' will be
(Font)              scaled to size 10.0pt on input line 21.
LaTeX Font Info:    Font shape `T1/zplTLF/m/it' will be
(Font)              scaled to size 10.0pt on input line 21.
 [1


{c:/texlive/2023/texmf-dist/fonts/enc/dvips/newpx/zpl_TOsF.enc} <../images/Kinematics/schieferWurf.pdf>]
Chapter 2.
[2

]
Chapter 3.
<../images/Crane/Crane.pdf, id=167, page=1, 629.98062pt x 285.04794pt>
File: ../images/Crane/Crane.pdf Graphic file (type pdf)
<use ../images/Crane/Crane.pdf, page 1>
Package pdftex.def Info: ../images/Crane/Crane.pdf , page1 used on input line 36.
(pdftex.def)             Requested size: 430.00462pt x 194.5651pt.
[3

 <../images/Crane/Crane.pdf>]
Chapter 4.
LaTeX Font Info:    Font shape `T1/zplTLF/m/n' will be
(Font)              scaled to size 7.3pt on input line 82.
LaTeX Font Info:    Font shape `T1/zplTLF/m/n' will be
(Font)              scaled to size 5.5pt on input line 82.
[4

{c:/texlive/2023/texmf-dist/fonts/enc/dvips/newtx/ntx-ot1-tlf.enc}]
Chapter 5.
[5

]
Chapter 6.
[6

]
Chapter 7.
[7

]
Chapter 8.
[8

]
<../images/2024-Ellipse-Map-(cit_).png, id=236, 1013.7875pt x 1013.7875pt>
File: ../images/2024-Ellipse-Map-(cit_).png Graphic file (type png)
<use ../images/2024-Ellipse-Map-(cit_).png>
Package pdftex.def Info: ../images/2024-Ellipse-Map-(cit_).png  used on input line 233.
(pdftex.def)             Requested size: 430.00462pt x 429.99547pt.
LaTeX Font Info:    Font shape `T1/zplTLF/m/sl' will be
(Font)              scaled to size 10.0pt on input line 234.
 [9{c:/texlive/2023/texmf-dist/fonts/enc/dvips/newtx/ntx-ecth-tlf.enc}] [10 <../images/2024-Ellipse-Map-(cit_).png (PNG copy)>]
Chapter 9.
<../images/SHM/SHMCropped.pdf, id=254, page=20, 142.26149pt x 142.75934pt>
File: ../images/SHM/SHMCropped.pdf Graphic file (type pdf)
<use ../images/SHM/SHMCropped.pdf, page 20>
Package pdftex.def Info: ../images/SHM/SHMCropped.pdf , page20 used on input line 237.
(pdftex.def)             Requested size: 107.50114pt x 107.87956pt.
[11

 <../images/SHM/SHMCropped.pdf>]
Chapter 10.
LaTeX Font Info:    Font shape `T1/zplTLF/m/n' will be
(Font)              scaled to size 5.0pt on input line 346.
LaTeX Font Info:    Trying to load font information for U+ding on input line 351.
(c:/texlive/2023/texmf-dist/tex/latex/bbding/Uding.fd
File: Uding.fd 1996/02/01 v1.0 BBding font definitions
) [12

]
Chapter 11.
LaTeX Font Info:    Trying to load font information for T1+zplsups on input line 370.
(c:/texlive/2023/texmf-dist/tex/latex/newpx/t1zplsups.fd
File: t1zplsups.fd 2015/01/17 v1.0
)
LaTeX Font Info:    Font shape `T1/zplsups/m/n' will be
(Font)              scaled to size 10.0pt on input line 370.
LaTeX Font Info:    Font shape `T1/zplTLF/m/n' will be
(Font)              scaled to size 8.0pt on input line 377.
LaTeX Font Info:    Font shape `T1/zplsups/m/n' will be
(Font)              scaled to size 8.0pt on input line 377.

Underfull \hbox (badness 1515) in paragraph at lines 417--418
[]\T1/zplTLF/m/n/10 Distance be-tween ad-ja-cent in-phase
 []


Overfull \hbox (40.45389pt too wide) in alignment at lines 383--425
 [] [] [] 
 []

[13

{c:/texlive/2023/texmf-dist/fonts/enc/dvips/newpx/npxsups_T1.enc}]
<../images/StationaryWavesPhase.jpg, id=306, 1094.0875pt x 816.04875pt>
File: ../images/StationaryWavesPhase.jpg Graphic file (type jpg)
<use ../images/StationaryWavesPhase.jpg>
Package pdftex.def Info: ../images/StationaryWavesPhase.jpg  used on input line 428.
(pdftex.def)             Requested size: 218.81361pt x 163.20685pt.


Package caption Warning: The option `hypcap=true' will be ignored for this
(caption)                particular \caption on input line 429.
See the caption package documentation for explanation.

LaTeX Font Info:    Font shape `T1/zplTLF/m/n' will be
(Font)              scaled to size 9.0pt on input line 429.
LaTeX Font Info:    Font shape `T1/zplTLF/b/n' will be
(Font)              scaled to size 9.0pt on input line 429.
<../images/StringStatWaves.jpg, id=311, 1606.0pt x 517.935pt>
File: ../images/StringStatWaves.jpg Graphic file (type jpg)
<use ../images/StringStatWaves.jpg>
Package pdftex.def Info: ../images/StringStatWaves.jpg  used on input line 446.
(pdftex.def)             Requested size: 160.6094pt x 51.79652pt.

Package caption Warning: The option `hypcap=true' will be ignored for this
(caption)                particular \caption on input line 447.
See the caption package documentation for explanation.


Overfull \hbox (31.60672pt too wide) in paragraph at lines 446--447
 [] 
 []

<../images/Open Pipe.jpg, id=312, 1606.0pt x 459.7175pt>
File: ../images/Open Pipe.jpg Graphic file (type jpg)
<use ../images/Open Pipe.jpg>
Package pdftex.def Info: ../images/Open Pipe.jpg  used on input line 453.
(pdftex.def)             Requested size: 160.6094pt x 45.97444pt.

Package caption Warning: The option `hypcap=true' will be ignored for this
(caption)                particular \caption on input line 454.
See the caption package documentation for explanation.


Overfull \hbox (31.60672pt too wide) in paragraph at lines 453--454
 [] 
 []

<../images/Pipe Closed at One End.jpg, id=313, 1606.0pt x 575.14874pt>
File: ../images/Pipe Closed at One End.jpg Graphic file (type jpg)
<use ../images/Pipe Closed at One End.jpg>
Package pdftex.def Info: ../images/Pipe Closed at One End.jpg  used on input line 461.
(pdftex.def)             Requested size: 160.6094pt x 57.51823pt.

Package caption Warning: The option `hypcap=true' will be ignored for this
(caption)                particular \caption on input line 462.
See the caption package documentation for explanation.


Overfull \hbox (31.60672pt too wide) in paragraph at lines 461--462
 [] 
 []


Overfull \hbox (25.00183pt too wide) in paragraph at lines 431--465
[] 
 []

<../images/Pipe Closed At One End Movement.jpg, id=314, 1606.0pt x 397.485pt>
File: ../images/Pipe Closed At One End Movement.jpg Graphic file (type jpg)
<use ../images/Pipe Closed At One End Movement.jpg>
Package pdftex.def Info: ../images/Pipe Closed At One End Movement.jpg  used on input line 467.
(pdftex.def)             Requested size: 401.49902pt x 99.371pt.

Package caption Warning: The option `hypcap=true' will be ignored for this
(caption)                particular \caption on input line 468.
See the caption package documentation for explanation.

LaTeX Font Info:    Font shape `OT1/zplTLF/m/n' will be
(Font)              scaled to size 8.0pt on input line 471.
LaTeX Font Info:    Font shape `OT1/zplTLF/m/n' will be
(Font)              scaled to size 6.2pt on input line 471.
LaTeX Font Info:    Font shape `OML/npxmi/m/it' will be
(Font)              scaled to size 8.0pt on input line 471.
LaTeX Font Info:    Font shape `OML/npxmi/m/it' will be
(Font)              scaled to size 6.2pt on input line 471.
LaTeX Font Info:    Font shape `LMS/npxsy/m/n' will be
(Font)              scaled to size 8.0pt on input line 471.
LaTeX Font Info:    Font shape `LMS/npxsy/m/n' will be
(Font)              scaled to size 6.2pt on input line 471.
LaTeX Font Info:    Font shape `LMX/npxexx/m/n' will be
(Font)              scaled to size 8.0pt on input line 471.
LaTeX Font Info:    Font shape `LMX/npxexx/m/n' will be
(Font)              scaled to size 6.2pt on input line 471.
LaTeX Font Info:    Font shape `U/npxmia/m/it' will be
(Font)              scaled to size 8.0pt on input line 471.
LaTeX Font Info:    Font shape `U/npxmia/m/it' will be
(Font)              scaled to size 6.2pt on input line 471.
LaTeX Font Info:    Font shape `U/npxsym/m/n' will be
(Font)              scaled to size 8.0pt on input line 471.
LaTeX Font Info:    Font shape `U/npxsym/m/n' will be
(Font)              scaled to size 6.2pt on input line 471.
LaTeX Font Info:    Font shape `U/npxsyc/m/n' will be
(Font)              scaled to size 8.0pt on input line 471.
LaTeX Font Info:    Font shape `U/npxsyc/m/n' will be
(Font)              scaled to size 6.2pt on input line 471.
LaTeX Font Info:    Font shape `U/npxexa/m/n' will be
(Font)              scaled to size 8.0pt on input line 471.
LaTeX Font Info:    Font shape `U/npxexa/m/n' will be
(Font)              scaled to size 6.2pt on input line 471.
LaTeX Font Info:    Font shape `U/zeur/m/n' will be
(Font)              scaled to size 8.0pt on input line 471.
LaTeX Font Info:    Font shape `U/zeur/m/n' will be
(Font)              scaled to size 6.2pt on input line 471.
[14 <../images/StationaryWavesPhase.jpg> <../images/StringStatWaves.jpg> <../images/Open Pipe.jpg> <../images/Pipe Closed at One End.jpg> <../images/Pipe Closed At One End Movement.jpg>]
<../images/Single Slit Diffraction.jpg, id=331, 3245.12375pt x 1152.305pt>
File: ../images/Single Slit Diffraction.jpg Graphic file (type jpg)
<use ../images/Single Slit Diffraction.jpg>
Package pdftex.def Info: ../images/Single Slit Diffraction.jpg  used on input line 493.
(pdftex.def)             Requested size: 324.53139pt x 115.23724pt.


Package caption Warning: The option `hypcap=true' will be ignored for this
(caption)                particular \caption on input line 494.
See the caption package documentation for explanation.

[15 <../images/Single Slit Diffraction.jpg>]
Overfull \hbox (25.01894pt too wide) in paragraph at lines 508--520
[]  
 []

<../images/Double-Slit Diffraction.jpg, id=344, 4055.15pt x 1537.745pt>
File: ../images/Double-Slit Diffraction.jpg Graphic file (type jpg)
<use ../images/Double-Slit Diffraction.jpg>
Package pdftex.def Info: ../images/Double-Slit Diffraction.jpg  used on input line 524.
(pdftex.def)             Requested size: 405.53876pt x 153.78351pt.

Package caption Warning: The option `hypcap=true' will be ignored for this
(caption)                particular \caption on input line 525.
See the caption package documentation for explanation.


Overfull \hbox (0.53416pt too wide) in paragraph at lines 524--525
 [] 
 []

<../images/Diffraction Grating.jpg, id=345, 3312.375pt x 1003.75pt>
File: ../images/Diffraction Grating.jpg Graphic file (type jpg)
<use ../images/Diffraction Grating.jpg>
Package pdftex.def Info: ../images/Diffraction Grating.jpg  used on input line 532.
(pdftex.def)             Requested size: 331.25691pt x 100.38087pt.

Package caption Warning: The option `hypcap=true' will be ignored for this
(caption)                particular \caption on input line 533.
See the caption package documentation for explanation.

[16
pdfTeX warning (ext4): destination with the same identifier (name{Hfootnote.4}) has been already used, duplicate ignored
<argument> ...shipout:D \box_use:N \l_shipout_box 
                                                  \__shipout_drop_firstpage_...
l.538     \item T
                 o calculate \emph{resultant intensity}, first take the sum ... <../images/Double-Slit Diffraction.jpg> <../images/Diffraction Grating.jpg>] [17]
Chapter 12.
[18

]
Underfull \hbox (badness 4001) in paragraph at lines 580--581
[]\T1/zplTLF/m/n/10 Metallic con-duc-tor at
 []

<../images/MetallicConductor I-V.jpg, id=377, 1606.0pt x 1007.765pt>
File: ../images/MetallicConductor I-V.jpg Graphic file (type jpg)
<use ../images/MetallicConductor I-V.jpg>
Package pdftex.def Info: ../images/MetallicConductor I-V.jpg  used on input line 587.
(pdftex.def)             Requested size: 129.00269pt x 80.94577pt.

Underfull \hbox (badness 1515) in paragraph at lines 591--592
\T1/zplTLF/m/it/10 trons \T1/zplTLF/m/n/10 and the \T1/zplTLF/m/it/10 rate of
 []


Underfull \hbox (badness 1082) in paragraph at lines 592--593
\T1/zplTLF/m/n/10 ture will have a dif-
 []


Underfull \hbox (badness 10000) in paragraph at lines 597--598

 []

<../images/ForwardReverseBias.jpg, id=378, 844.15375pt x 1606.0pt>
File: ../images/ForwardReverseBias.jpg Graphic file (type jpg)
<use ../images/ForwardReverseBias.jpg>
Package pdftex.def Info: ../images/ForwardReverseBias.jpg  used on input line 599.
(pdftex.def)             Requested size: 67.53368pt x 128.48262pt.

Underfull \hbox (badness 1048) in paragraph at lines 604--605
\T1/zplTLF/m/it/10 in-creases\T1/zplTLF/m/n/10 . In fact, if
 []


Underfull \hbox (badness 3612) in paragraph at lines 604--605
\T1/zplTLF/m/n/10 goes past its \T1/zplTLF/m/it/10 thresh-
 []


Underfull \hbox (badness 3148) in paragraph at lines 605--606
[]\T1/zplTLF/m/n/10 Reverse-biased: \T1/zplTLF/m/it/10 Very
 []


Underfull \hbox (badness 1721) in paragraph at lines 605--606
\T1/zplTLF/m/it/10 high re-sis-tance\T1/zplTLF/m/n/10 . But,
 []


Underfull \hbox (badness 4967) in paragraph at lines 606--607
[]\T1/zplTLF/m/n/10 If the reverse-biased
 []

<../images/Diode I-V characteristics.jpg, id=379, 1606.0pt x 1376.14125pt>
File: ../images/Diode I-V characteristics.jpg Graphic file (type jpg)
<use ../images/Diode I-V characteristics.jpg>
Package pdftex.def Info: ../images/Diode I-V characteristics.jpg  used on input line 608.
(pdftex.def)             Requested size: 129.00269pt x 110.5345pt.

Underfull \hbox (badness 1325) in paragraph at lines 613--614
\T1/zplTLF/m/n/10 ates a \T1/zplTLF/m/it/10 widened `de-ple-
 []


Underfull \hbox (badness 4279) in paragraph at lines 613--614
\T1/zplTLF/m/n/10 which \T1/zplTLF/m/it/10 im-pedes charge
 []


Underfull \hbox (badness 3323) in paragraph at lines 613--614
\T1/zplTLF/m/it/10 car-ri-ers \T1/zplTLF/m/n/10 from flow-ing
 []

<../images/Filament Lamp I-V Characteristics.jpg, id=380, 1606.0pt x 1009.7725pt>
File: ../images/Filament Lamp I-V Characteristics.jpg Graphic file (type jpg)
<use ../images/Filament Lamp I-V Characteristics.jpg>
Package pdftex.def Info: ../images/Filament Lamp I-V Characteristics.jpg  used on input line 625.
(pdftex.def)             Requested size: 129.00269pt x 81.10701pt.
<../images/Filament Lamp Resistance.jpg, id=381, 1604.99625pt x 864.22874pt>
File: ../images/Filament Lamp Resistance.jpg Graphic file (type jpg)
<use ../images/Filament Lamp Resistance.jpg>
Package pdftex.def Info: ../images/Filament Lamp Resistance.jpg  used on input line 626.
(pdftex.def)             Requested size: 129.00269pt x 69.45619pt.

Underfull \hbox (badness 10000) in paragraph at lines 630--631
[]\T1/zplTLF/m/n/10 As \T1/zplTLF/m/it/10 cur-rent in-creases,
 []


Underfull \hbox (badness 10000) in paragraph at lines 630--631
\T1/zplTLF/m/it/10 power dis-si-pated in-
 []


Underfull \hbox (badness 1424) in paragraph at lines 630--631
\T1/zplTLF/m/n/10 Heat is gen-er-ated so
 []


Underfull \hbox (badness 3514) in paragraph at lines 630--631
\T1/zplTLF/m/it/10 equi-lib-rium tem-per-a-ture
 []


Underfull \hbox (badness 7963) in paragraph at lines 630--631
\T1/zplTLF/m/n/10 lat-tice and trans-fers
 []


Underfull \hbox (badness 10000) in paragraph at lines 631--632
[]\T1/zplTLF/m/n/10 The \T1/zplTLF/m/it/10 lat-tice ions vi-
 []


Underfull \hbox (badness 4940) in paragraph at lines 631--632
\T1/zplTLF/m/it/10 brate more vig-or-ously\T1/zplTLF/m/n/10 .
 []


Underfull \hbox (badness 2884) in paragraph at lines 631--632
\T1/zplTLF/m/n/10 This \T1/zplTLF/m/it/10 hin-ders the flow
 []


Underfull \hbox (badness 10000) in paragraph at lines 631--632
\T1/zplTLF/m/n/10 of `charge car-ri-ers'.
 []


Underfull \hbox (badness 10000) in paragraph at lines 632--633
[]\T1/zplTLF/m/n/10 Ohmic con-duc-tors
 []


Underfull \hbox (badness 7133) in paragraph at lines 632--633
\T1/zplTLF/m/n/10 hence do \T1/zplTLF/m/it/10 not \T1/zplTLF/m/n/10 obey
 []


Underfull \hbox (badness 4981) in paragraph at lines 632--633
\T1/zplTLF/m/n/10 Ohm's Law at \T1/zplTLF/m/it/10 high
 []


Underfull \hbox (badness 10000) in paragraph at lines 637--638
[]\T1/zplTLF/m/n/10 Negative Tem-per-a-ture
 []


Underfull \hbox (badness 4699) in paragraph at lines 641--642
\T1/zplTLF/m/n/10 mis-tor also \T1/zplTLF/m/it/10 in-creases\T1/zplTLF/m/n/10 ,
 []


Underfull \hbox (badness 1590) in paragraph at lines 642--643
\T1/zplTLF/m/it/10 in-crease \T1/zplTLF/m/n/10 in \T1/zplTLF/m/it/10 tem-per-a-ture
 []

<../images/NTC I-V.jpg, id=382, 1606.0pt x 953.5625pt>
File: ../images/NTC I-V.jpg Graphic file (type jpg)
<use ../images/NTC I-V.jpg>
Package pdftex.def Info: ../images/NTC I-V.jpg  used on input line 644.
(pdftex.def)             Requested size: 129.00269pt x 76.5921pt.
<../images/NTC Resistance.jpg, id=383, 1606.0pt x 921.4425pt>
File: ../images/NTC Resistance.jpg Graphic file (type jpg)
<use ../images/NTC Resistance.jpg>
Package pdftex.def Info: ../images/NTC Resistance.jpg  used on input line 645.
(pdftex.def)             Requested size: 129.00269pt x 74.01216pt.

Underfull \hbox (badness 10000) in paragraph at lines 649--650
[]\T1/zplTLF/m/n/10 As \T1/zplTLF/m/it/10 cur-rent in-creases\T1/zplTLF/m/n/10 ,
 []


Underfull \hbox (badness 10000) in paragraph at lines 649--650
\T1/zplTLF/m/it/10 power dis-si-pated in-
 []


Underfull \hbox (badness 1484) in paragraph at lines 649--650
\T1/zplTLF/m/n/10 gen-er-ated, lead-ing to
 []


Underfull \hbox (badness 4531) in paragraph at lines 649--650
\T1/zplTLF/m/n/10 a \T1/zplTLF/m/it/10 rise \T1/zplTLF/m/n/10 in \T1/zplTLF/m/it/10 equi-lib-rium
 []


Underfull \hbox (badness 5548) in paragraph at lines 650--651
\T1/zplTLF/m/n/10 and lat-tice ions \T1/zplTLF/m/it/10 in-
 []


Underfull \hbox (badness 10000) in paragraph at lines 653--654
[]\T1/zplTLF/m/n/10 The \T1/zplTLF/m/it/10 bonded elec-trons
 []


Underfull \hbox (badness 8094) in paragraph at lines 653--654
\T1/zplTLF/m/n/10 in-creas-ing the \T1/zplTLF/m/it/10 num-
 []


Underfull \hbox (badness 2401) in paragraph at lines 653--654
\T1/zplTLF/m/n/10 car-ri-ers'. There-fore,
 []


Underfull \hbox (badness 2189) in paragraph at lines 654--655
\T1/zplTLF/m/it/10 ing the flow \T1/zplTLF/m/n/10 of `mo-
 []


Underfull \hbox (badness 6268) in paragraph at lines 654--655
\T1/zplTLF/m/n/10 bile charge car-ri-ers'.
 []


Underfull \hbox (badness 1521) in paragraph at lines 657--658
\T1/zplTLF/m/n/10 more sig-nif-i-cant than
 []

[19 <../images/MetallicConductor I-V.jpg> <../images/ForwardReverseBias.jpg> <../images/Diode I-V characteristics.jpg>] [20 <../images/Filament Lamp I-V Characteristics.jpg> <../images/Filament Lamp Resistance.jpg> <../images/NTC I-V.jpg> <../images/NTC Resistance.jpg>] [21]
Chapter 13.
<../images/2 charges.png, id=403, 350.81062pt x 350.30875pt>
File: ../images/2 charges.png Graphic file (type png)
<use ../images/2 charges.png>
Package pdftex.def Info: ../images/2 charges.png  used on input line 745.
(pdftex.def)             Requested size: 107.50114pt x 107.3438pt.
<../images/2repellingcharges.png, id=405, 349.305pt x 370.38374pt>
File: ../images/2repellingcharges.png Graphic file (type png)
<use ../images/2repellingcharges.png>
Package pdftex.def Info: ../images/2repellingcharges.png  used on input line 745.
(pdftex.def)             Requested size: 107.50114pt x 113.98698pt.
<../images/E-fieldPlate.png, id=406, 471.7625pt x 355.82938pt>
File: ../images/E-fieldPlate.png Graphic file (type png)
<use ../images/E-fieldPlate.png>
Package pdftex.def Info: ../images/E-fieldPlate.png  used on input line 747.
(pdftex.def)             Requested size: 215.0023pt x 162.16866pt.
[22

 <../images/2 charges.png> <../images/2repellingcharges.png>]
<../images/ElectricFieldStrengthPlot.png, id=413, 599.74063pt x 357.335pt>
File: ../images/ElectricFieldStrengthPlot.png Graphic file (type png)
<use ../images/ElectricFieldStrengthPlot.png>
Package pdftex.def Info: ../images/ElectricFieldStrengthPlot.png  used on input line 752.
(pdftex.def)             Requested size: 215.0023pt x 128.1007pt.
<../images/ParallelPlates/testing.pdf, id=414, 177.77718pt x 112.00143pt>
File: ../images/ParallelPlates/testing.pdf Graphic file (type pdf)
<use ../images/ParallelPlates/testing.pdf>
Package pdftex.def Info: ../images/ParallelPlates/testing.pdf  used on input line 769.
(pdftex.def)             Requested size: 177.77673pt x 112.00114pt.
 [23 <../images/E-fieldPlate.png> <../images/ElectricFieldStrengthPlot.png>]
LaTeX Font Info:    Trying to load font information for U+zeuex on input line 785.
 (c:/texlive/2023/texmf-dist/tex/latex/eulervm/uzeuex.fd
File: uzeuex.fd 2005/01/11 v4.0 (WaS)
)
LaTeX Font Info:    Font shape `U/zeuex/m/n' will be
(Font)              scaled to size 10.0pt on input line 785.
LaTeX Font Info:    Font shape `T1/zplTLF/m/n' will be
(Font)              scaled to size 7.0pt on input line 785.
LaTeX Font Info:    Font shape `U/zeuex/m/n' will be
(Font)              scaled to size 7.0pt on input line 785.
LaTeX Font Info:    Font shape `U/zeuex/m/n' will be
(Font)              scaled to size 5.0pt on input line 785.
<../images/Electron-Deflection/Bahn-Kondensator (1).pdf, id=421, 563.46509pt x 249.02234pt>
File: ../images/Electron-Deflection/Bahn-Kondensator (1).pdf Graphic file (type pdf)
<use ../images/Electron-Deflection/Bahn-Kondensator (1).pdf>
Package pdftex.def Info: ../images/Electron-Deflection/Bahn-Kondensator (1).pdf  used on input line 790.
(pdftex.def)             Requested size: 430.00462pt x 190.04547pt.
 [24 <../images/ParallelPlates/testing.pdf>] [25 <../images/Electron-Deflection/Bahn-Kondensator (1).pdf>]
Chapter 14.
<../images/DC-Circuits-Resistors.jpg, id=477, 1606.0pt x 651.43375pt>
File: ../images/DC-Circuits-Resistors.jpg Graphic file (type jpg)
<use ../images/DC-Circuits-Resistors.jpg>
Package pdftex.def Info: ../images/DC-Circuits-Resistors.jpg  used on input line 812.
(pdftex.def)             Requested size: 399.90114pt x 162.21193pt.
<../images/DC-Circuits-Potentiometer-1.jpg, id=478, 3029.3175pt x 2545.51pt>
File: ../images/DC-Circuits-Potentiometer-1.jpg Graphic file (type jpg)
<use ../images/DC-Circuits-Potentiometer-1.jpg>
Package pdftex.def Info: ../images/DC-Circuits-Potentiometer-1.jpg  used on input line 822.
(pdftex.def)             Requested size: 129.00269pt x 108.36723pt.
[26

 <../images/DC-Circuits-Resistors.jpg> <../images/DC-Circuits-Potentiometer-1.jpg>]
<../images/DC-Circuits-Potentiometer-2.jpg, id=483, 4140.46875pt x 1686.3pt>
File: ../images/DC-Circuits-Potentiometer-2.jpg Graphic file (type jpg)
<use ../images/DC-Circuits-Potentiometer-2.jpg>
Package pdftex.def Info: ../images/DC-Circuits-Potentiometer-2.jpg  used on input line 827.
(pdftex.def)             Requested size: 378.40616pt x 154.10196pt.
 [27 <../images/DC-Circuits-Potentiometer-2.jpg>]
Chapter 15.
<../images/Bar-Magnet/Bar-Magnet.pdf, id=488, 569.05598pt x 455.24078pt>
File: ../images/Bar-Magnet/Bar-Magnet.pdf Graphic file (type pdf)
<use ../images/Bar-Magnet/Bar-Magnet.pdf>
Package pdftex.def Info: ../images/Bar-Magnet/Bar-Magnet.pdf  used on input line 834.
(pdftex.def)             Requested size: 344.005pt x 275.20966pt.
<../images/Left-Right-Hand-Rules/Left-hand-rule.pdf, id=489, 237.52339pt x 250.4818pt>
File: ../images/Left-Right-Hand-Rules/Left-hand-rule.pdf Graphic file (type pdf)
<use ../images/Left-Right-Hand-Rules/Left-hand-rule.pdf>
Package pdftex.def Info: ../images/Left-Right-Hand-Rules/Left-hand-rule.pdf  used on input line 842.
(pdftex.def)             Requested size: 171.99922pt x 181.38634pt.
<../images/Left-Right-Hand-Rules/Right-hand-rule.pdf, id=490, 147.31938pt x 212.54205pt>
File: ../images/Left-Right-Hand-Rules/Right-hand-rule.pdf Graphic file (type pdf)
<use ../images/Left-Right-Hand-Rules/Right-hand-rule.pdf>
Package pdftex.def Info: ../images/Left-Right-Hand-Rules/Right-hand-rule.pdf  used on input line 844.
(pdftex.def)             Requested size: 120.40076pt x 173.71158pt.
[28

 <../images/Bar-Magnet/Bar-Magnet.pdf> <../images/Left-Right-Hand-Rules/Left-hand-rule.pdf> <../images/Left-Right-Hand-Rules/Right-hand-rule.pdf>]
<../images/Current-Carrying-Wire/Current-Carrying-Wire.pdf, id=541, 129.2549pt x 109.23009pt>
File: ../images/Current-Carrying-Wire/Current-Carrying-Wire.pdf Graphic file (type pdf)
<use ../images/Current-Carrying-Wire/Current-Carrying-Wire.pdf>
Package pdftex.def Info: ../images/Current-Carrying-Wire/Current-Carrying-Wire.pdf  used on input line 850.
(pdftex.def)             Requested size: 215.0023pt x 181.69856pt.
<../images/Flat-Circular-Coil/Flat-Circular-Coil.pdf, id=542, 210.18324pt x 198.97336pt>
File: ../images/Flat-Circular-Coil/Flat-Circular-Coil.pdf Graphic file (type pdf)
<use ../images/Flat-Circular-Coil/Flat-Circular-Coil.pdf>
Package pdftex.def Info: ../images/Flat-Circular-Coil/Flat-Circular-Coil.pdf  used on input line 855.
(pdftex.def)             Requested size: 215.0023pt x 203.5452pt.
<../images/Solenoid.pdf, id=543, 368.87813pt x 150.5625pt>
File: ../images/Solenoid.pdf Graphic file (type pdf)
<use ../images/Solenoid.pdf>
Package pdftex.def Info: ../images/Solenoid.pdf  used on input line 860.
(pdftex.def)             Requested size: 387.00153pt x 157.95973pt.
 [29 <../images/Current-Carrying-Wire/Current-Carrying-Wire.pdf> <../images/Flat-Circular-Coil/Flat-Circular-Coil.pdf>]
<../images/Two-Current-Carrying-Wires/Two-Current-Carrying-Wires.pdf, id=562, page=1, 193.28511pt x 70.33377pt>
File: ../images/Two-Current-Carrying-Wires/Two-Current-Carrying-Wires.pdf Graphic file (type pdf)
<use ../images/Two-Current-Carrying-Wires/Two-Current-Carrying-Wires.pdf, page 1>
Package pdftex.def Info: ../images/Two-Current-Carrying-Wires/Two-Current-Carrying-Wires.pdf , page1 used on input line 875.
(pdftex.def)             Requested size: 289.92696pt x 105.50038pt.
<../images/Two-Current-Carrying-Wires/Two-Current-Carrying-Wires.pdf, id=563, page=2, 223.68066pt x 82.53435pt>
File: ../images/Two-Current-Carrying-Wires/Two-Current-Carrying-Wires.pdf Graphic file (type pdf)
<use ../images/Two-Current-Carrying-Wires/Two-Current-Carrying-Wires.pdf, page 2>
Package pdftex.def Info: ../images/Two-Current-Carrying-Wires/Two-Current-Carrying-Wires.pdf , page2 used on input line 877.
(pdftex.def)             Requested size: 335.52017pt x 123.8012pt.
<../images/Bar-Magnet/Cropped/1.pdf, id=564, 196.53224pt x 512.1534pt>
File: ../images/Bar-Magnet/Cropped/1.pdf Graphic file (type pdf)
<use ../images/Bar-Magnet/Cropped/1.pdf>
Package pdftex.def Info: ../images/Bar-Magnet/Cropped/1.pdf  used on input line 885.
(pdftex.def)             Requested size: 196.53175pt x 512.15215pt.
<../images/Bar-Magnet/Cropped/2.pdf, id=565, 196.53224pt x 512.1534pt>
File: ../images/Bar-Magnet/Cropped/2.pdf Graphic file (type pdf)
<use ../images/Bar-Magnet/Cropped/2.pdf>
Package pdftex.def Info: ../images/Bar-Magnet/Cropped/2.pdf  used on input line 886.
(pdftex.def)             Requested size: 196.53175pt x 512.15215pt.
<../images/Bar-Magnet/Cropped/3.pdf, id=566, 307.55pt x 290.11787pt>
File: ../images/Bar-Magnet/Cropped/3.pdf Graphic file (type pdf)
<use ../images/Bar-Magnet/Cropped/3.pdf>
Package pdftex.def Info: ../images/Bar-Magnet/Cropped/3.pdf  used on input line 887.
(pdftex.def)             Requested size: 210.70462pt x 198.76053pt.
<../images/Bar-Magnet/Cropped/4.pdf, id=567, 307.55pt x 290.11787pt>
File: ../images/Bar-Magnet/Cropped/4.pdf Graphic file (type pdf)
<use ../images/Bar-Magnet/Cropped/4.pdf>
Package pdftex.def Info: ../images/Bar-Magnet/Cropped/4.pdf  used on input line 888.
(pdftex.def)             Requested size: 210.70462pt x 198.76053pt.
 [30 <../images/Solenoid.pdf> <../images/Two-Current-Carrying-Wires/Two-Current-Carrying-Wires.pdf> <../images/Two-Current-Carrying-Wires/Two-Current-Carrying-Wires.pdf>] [31 <../images/Bar-Magnet/Cropped/1.pdf> <../images/Bar-Magnet/Cropped/2.pdf> <../images/Bar-Magnet/Cropped/3.pdf> <../images/Bar-Magnet/Cropped/4.pdf>]
Chapter 16.
<../images/Transformer/TransformerCropped.pdf, id=685, 393.98192pt x 264.97092pt>
File: ../images/Transformer/TransformerCropped.pdf Graphic file (type pdf)
<use ../images/Transformer/TransformerCropped.pdf>
Package pdftex.def Info: ../images/Transformer/TransformerCropped.pdf  used on input line 891.
(pdftex.def)             Requested size: 430.00462pt x 289.20474pt.
[32

 <../images/Transformer/TransformerCropped.pdf>]
Chapter 17.
LaTeX Font Info:    Trying to load font information for T1+npxtt on input line 896.
(c:/texlive/2023/texmf-dist/tex/latex/newpx/t1npxtt.fd
File: t1npxtt.fd 2000/12/14 v1.0
)
LaTeX Font Info:    Font shape `T1/npxtt/m/n' will be
(Font)              scaled to size 10.0pt on input line 896.
 [33

] (./ALPhys.aux)
 ***********
LaTeX2e <2023-06-01> patch level 1
L3 programming layer <2023-06-30>
 ***********


LaTeX Font Warning: Size substitutions with differences
(Font)              up to 1.97499pt have occurred.

Package rerunfilecheck Info: File `ALPhys.out' has not changed.
(rerunfilecheck)             Checksum: 291A885991F632FC617D53A1959DF639;2042.
 ) 
Here is how much of TeX's memory you used:
 37543 strings out of 475237
 742614 string characters out of 5768555
 1940238 words of memory out of 5000000
 57816 multiletter control sequences out of 15000+600000
 666197 words of font info for 224 fonts, out of 8000000 for 9000
 1141 hyphenation exceptions out of 8191
 109i,17n,131p,539b,1561s stack positions out of 10000i,1000n,20000p,200000b,200000s

pdfTeX warning (dest): name{Hfootnote.2} has been referenced but does not exist, replaced by a fixed one


pdfTeX warning (dest): name{Hfootnote.1} has been referenced but does not exist, replaced by a fixed one

<c:/texlive/2023/texmf-dist/fonts/type1/public/newpx/NewPXMI_gnu.pfb><c:/texlive/2023/texmf-dist/fonts/type1/public/niceframe-type1/bbding10.pfb><c:/texlive/2023/texmf-dist/fonts/type1/public/amsfonts/cm/cmbsy10.pfb><c:/texlive/2023/texmf-dist/fonts/type1/public/amsfonts/cm/cmbx10.pfb><c:/texlive/2023/texmf-dist/fonts/type1/public/amsfonts/cm/cmbx12.pfb><c:/texlive/2023/texmf-dist/fonts/type1/public/amsfonts/cm/cmmi10.pfb><c:/texlive/2023/texmf-dist/fonts/type1/public/amsfonts/cm/cmmi12.pfb><c:/texlive/2023/texmf-dist/fonts/type1/public/amsfonts/cm/cmmi8.pfb><c:/texlive/2023/texmf-dist/fonts/type1/public/amsfonts/cm/cmr12.pfb><c:/texlive/2023/texmf-dist/fonts/type1/public/amsfonts/cm/cmr7.pfb><c:/texlive/2023/texmf-dist/fonts/type1/public/amsfonts/cm/cmr8.pfb><c:/texlive/2023/texmf-dist/fonts/type1/public/amsfonts/cm/cmsy10.pfb><c:/texlive/2023/texmf-dist/fonts/type1/public/amsfonts/euler/euex10.pfb><c:/texlive/2023/texmf-dist/fonts/type1/public/amsfonts/euler/eurm10.pfb><c:/texlive/2023/texmf-dist/fonts/type1/public/amsfonts/euler/eurm5.pfb><c:/texlive/2023/texmf-dist/fonts/type1/public/amsfonts/euler/eurm7.pfb><c:/texlive/2023/texmf-dist/fonts/type1/public/lm/lmr10.pfb><c:/texlive/2023/texmf-dist/fonts/type1/public/newpx/npxsups-Regular.pfb><c:/texlive/2023/texmf-dist/fonts/type1/public/newpx/pxmiaX.pfb><c:/texlive/2023/texmf-dist/fonts/type1/public/newpx/pxsys.pfb><c:/texlive/2023/texmf-dist/fonts/type1/public/tex-gyre/qhvr.pfb><c:/texlive/2023/texmf-dist/fonts/type1/public/txfonts/t1xtt.pfb><c:/texlive/2023/texmf-dist/fonts/type1/public/newtx/txexs.pfb><c:/texlive/2023/texmf-dist/fonts/type1/public/txfonts/txsya.pfb><c:/texlive/2023/texmf-dist/fonts/type1/public/txfonts/txsyb.pfb><c:/texlive/2023/texmf-dist/fonts/type1/public/newpx/zplb.pfb><c:/texlive/2023/texmf-dist/fonts/type1/public/newpx/zplr.pfb><c:/texlive/2023/texmf-dist/fonts/type1/public/newpx/zplri.pfb>
Output written on ALPhys.pdf (34 pages, 27290254 bytes).
PDF statistics:
 906 PDF objects out of 1000 (max. 8388607)
 654 compressed objects within 7 object streams
 141 named destinations out of 1000 (max. 500000)
 462 words of extra memory for PDF output out of 10000 (max. 10000000)

