\BOOKMARK [-1][-]{part.1}{\376\377\0001\000\040\000F\000M\000A}{}% 1
\BOOKMARK [0][-]{chapter.1}{\376\377\000I\000n\000e\000q\000u\000a\000l\000i\000t\000i\000e\000s\000\040\000a\000n\000d\000\040\000E\000q\000u\000a\000t\000i\000o\000n\000s}{part.1}% 2
\BOOKMARK [1][-]{section.1.1}{\376\377\000S\000o\000l\000v\000i\000n\000g\000\040\000I\000n\000e\000q\000u\000a\000l\000i\000t\000i\000e\000s}{chapter.1}% 3
\BOOKMARK [1][-]{section.1.2}{\376\377\000M\000o\000d\000u\000l\000u\000s\000\040\000I\000n\000e\000q\000u\000a\000l\000i\000t\000i\000e\000s}{chapter.1}% 4
\BOOKMARK [1][-]{section.1.3}{\376\377\000S\000u\000m\000m\000a\000r\000y}{chapter.1}% 5
\BOOKMARK [0][-]{chapter.2}{\376\377\000R\000e\000c\000u\000r\000r\000e\000n\000c\000e\000\040\000R\000e\000l\000a\000t\000i\000o\000n\000s}{part.1}% 6
\BOOKMARK [0][-]{chapter.3}{\376\377\000R\000e\000c\000u\000r\000r\000e\000n\000c\000e\000\040\000R\000e\000l\000a\000t\000i\000o\000n\000s}{part.1}% 7
\BOOKMARK [0][-]{chapter.4}{\376\377\000D\000i\000f\000f\000e\000r\000e\000n\000t\000i\000a\000t\000i\000o\000n}{part.1}% 8
\BOOKMARK [0][-]{chapter.5}{\376\377\000I\000n\000t\000e\000g\000r\000a\000t\000i\000o\000n\000\040\000T\000e\000c\000h\000n\000i\000q\000u\000e\000s}{part.1}% 9
\BOOKMARK [1][-]{section.5.1}{\376\377\000B\000a\000s\000i\000c\000\040\000I\000n\000t\000e\000g\000r\000a\000t\000i\000o\000n\000\040\000\050\000I\000B\000S\000,\000\040\000I\000B\000P\000,\000\040\000e\000t\000c\000\051}{chapter.5}% 10
\BOOKMARK [1][-]{section.5.2}{\376\377\000A\000r\000e\000a\000s\000\040\000\046\000\040\000V\000o\000l\000u\000m\000e\000s}{chapter.5}% 11
\BOOKMARK [1][-]{section.5.3}{\376\377\000N\000u\000m\000e\000r\000i\000c\000a\000l\000\040\000M\000e\000t\000h\000o\000d\000s}{chapter.5}% 12
\BOOKMARK [2][-]{subsection.5.3.1}{\376\377\000T\000r\000a\000p\000e\000z\000i\000u\000m\000\040\000R\000u\000l\000e}{section.5.3}% 13
\BOOKMARK [2][-]{subsection.5.3.2}{\376\377\000S\000i\000m\000p\000s\000o\000n\000'\000s\000\040\000R\000u\000l\000e}{section.5.3}% 14
\BOOKMARK [1][-]{section.5.4}{\376\377\000R\000e\000d\000u\000c\000t\000i\000o\000n\000\040\000f\000o\000r\000m\000u\000l\000a\000s}{chapter.5}% 15
\BOOKMARK [0][-]{chapter.6}{\376\377\000C\000o\000m\000p\000l\000e\000x\000\040\000N\000u\000m\000b\000e\000r\000s}{part.1}% 16
\BOOKMARK [1][-]{section.6.1}{\376\377\000C\000o\000m\000p\000l\000e\000x\000\040\000N\000u\000m\000b\000e\000r\000\040\000I}{chapter.6}% 17
\BOOKMARK [1][-]{section.6.2}{\376\377\000C\000o\000m\000p\000l\000e\000x\000\040\000N\000u\000m\000b\000e\000r\000s\000\040\000I\000I}{chapter.6}% 18
\BOOKMARK [0][-]{chapter.7}{\376\377\000L\000i\000n\000e\000a\000r\000\040\000A\000l\000g\000e\000b\000r\000a}{part.1}% 19
\BOOKMARK [1][-]{section.7.1}{\376\377\000V\000e\000c\000t\000o\000r\000\040\000s\000p\000a\000c\000e\000s\000,\000\040\000s\000u\000b\000s\000p\000a\000c\000e\000s\000,\000\040\000l\000i\000n\000e\000a\000r\000\040\000c\000o\000m\000b\000i\000n\000a\000t\000i\000o\000n\000s\000,\000\040\000b\000a\000s\000e\000s\000,\000\040\000l\000i\000n\000e\000a\000r\000\040\000t\000r\000a\000n\000s\000f\000o\000r\000m\000a\000t\000i\000o\000n\000s}{chapter.7}% 20
\BOOKMARK [1][-]{section.7.2}{\376\377\000M\000a\000t\000r\000i\000c\000e\000s\000\040\000a\000n\000d\000\040\000s\000y\000s\000t\000e\000m\000s\000\040\000o\000f\000\040\000l\000i\000n\000e\000a\000r\000\040\000e\000q\000u\000a\000t\000i\000o\000n\000s}{chapter.7}% 21
\BOOKMARK [1][-]{section.7.3}{\376\377\000D\000e\000t\000e\000r\000m\000i\000n\000a\000n\000t\000s}{chapter.7}% 22
\BOOKMARK [1][-]{section.7.4}{\376\377\000D\000i\000a\000g\000o\000n\000a\000l\000i\000s\000a\000t\000i\000o\000n}{chapter.7}% 23
\BOOKMARK [1][-]{section.7.5}{\376\377\000M\000i\000s\000c\000e\000l\000l\000a\000n\000e\000o\000u\000s}{chapter.7}% 24
\BOOKMARK [1][-]{section.7.6}{\376\377\000C\000o\000n\000i\000c\000s}{chapter.7}% 25
\BOOKMARK [0][-]{chapter.8}{\376\377\000N\000u\000m\000e\000r\000i\000c\000a\000l\000\040\000M\000e\000t\000h\000o\000d\000s}{part.1}% 26
\BOOKMARK [-1][-]{part.2}{\376\377\0002\000\040\000F\000M\000B}{}% 27
\BOOKMARK [0][-]{chapter.9}{\376\377\000G\000r\000a\000p\000h\000i\000n\000g\000\040\000T\000e\000c\000h\000n\000i\000q\000u\000e\000s}{part.2}% 28
\BOOKMARK [1][-]{section.9.1}{\376\377\000G\000r\000a\000p\000h\000i\000n\000g\000\040\000`\000F\000a\000m\000i\000l\000i\000a\000r\000'\000\040\000F\000u\000n\000c\000t\000i\000o\000n\000s\000\040\000a\000n\000d\000\040\000A\000s\000y\000m\000p\000t\000o\000t\000i\000c\000\040\000b\000o\000i\000s}{chapter.9}% 29
\BOOKMARK [1][-]{section.9.2}{\376\377\000C\000o\000n\000i\000c\000s}{chapter.9}% 30
\BOOKMARK [1][-]{section.9.3}{\376\377\000P\000a\000r\000a\000m\000e\000t\000r\000i\000c\000\040\000E\000q\000u\000a\000t\000i\000o\000n\000s}{chapter.9}% 31
\BOOKMARK [1][-]{section.9.4}{\376\377\000S\000c\000a\000l\000i\000n\000g\000,\000\040\000T\000r\000a\000n\000s\000l\000a\000t\000i\000o\000n\000s\000,\000\040\000a\000n\000d\000\040\000R\000e\000f\000l\000e\000c\000t\000i\000o\000n\000s}{chapter.9}% 32
\BOOKMARK [1][-]{section.9.5}{\376\377\000f\000\050\000x\000\051\000\040\000\040\000a\000n\000d\000\040\000f\000\050\000\040\000x\000\040\000\051}{chapter.9}% 33
\BOOKMARK [1][-]{section.9.6}{\376\377\000y\000=\0001\000f\000\050\000x\000\051}{chapter.9}% 34
\BOOKMARK [0][-]{chapter.10}{\376\377\000P\000o\000l\000a\000r\000\040\000C\000u\000r\000v\000e\000s}{part.2}% 35
\BOOKMARK [0][-]{chapter.11}{\376\377\000C\000o\000n\000i\000c\000\040\000S\000e\000c\000t\000i\000o\000n\000s}{part.2}% 36
\BOOKMARK [0][-]{chapter.12}{\376\377\000F\000u\000n\000c\000t\000i\000o\000n\000s}{part.2}% 37
\BOOKMARK [0][-]{chapter.13}{\376\377\000P\000e\000r\000m\000u\000t\000a\000t\000i\000o\000n\000s\000\040\000a\000n\000d\000\040\000C\000o\000m\000b\000i\000n\000a\000t\000i\000o\000n\000s}{part.2}% 38
\BOOKMARK [0][-]{chapter.14}{\376\377\000V\000e\000c\000t\000o\000r\000s}{part.2}% 39
\BOOKMARK [0][-]{chapter.15}{\376\377\000P\000r\000o\000b\000a\000b\000i\000l\000i\000t\000y}{part.2}% 40
\BOOKMARK [0][-]{chapter.16}{\376\377\000D\000i\000f\000f\000e\000r\000e\000n\000t\000i\000a\000l\000\040\000E\000q\000u\000a\000t\000i\000o\000n\000s}{part.2}% 41
\BOOKMARK [1][-]{section.16.1}{\376\377\000F\000i\000r\000s\000t\000\040\000O\000r\000d\000e\000r\000\040\000D\000.\000E\000.\000s}{chapter.16}% 42
\BOOKMARK [2][-]{subsection.16.1.1}{\376\377\000E\000l\000e\000m\000e\000n\000t\000a\000r\000y\000\040\000S\000o\000l\000v\000i\000n\000g\000\040\000T\000e\000c\000h\000n\000i\000q\000u\000e\000s}{section.16.1}% 43
\BOOKMARK [2][-]{subsection.16.1.2}{\376\377\000N\000u\000m\000e\000r\000i\000c\000a\000l\000\040\000M\000e\000t\000h\000o\000d\000s}{section.16.1}% 44
\BOOKMARK [1][-]{section.16.2}{\376\377\000S\000e\000c\000o\000n\000d\000\040\000O\000r\000d\000e\000r\000\040\000D\000.\000E\000.}{chapter.16}% 45
\BOOKMARK [1][-]{section.16.3}{\376\377\000A\000p\000p\000l\000i\000c\000a\000t\000i\000o\000n\000s}{chapter.16}% 46
\BOOKMARK [2][-]{subsection.16.3.1}{\376\377\000E\000x\000p\000o\000n\000e\000n\000t\000i\000a\000l\000\040\000G\000r\000o\000w\000t\000h}{section.16.3}% 47
\BOOKMARK [2][-]{subsection.16.3.2}{\376\377\000L\000o\000g\000i\000s\000t\000i\000c\000s\000\040\000G\000r\000o\000w\000t\000h}{section.16.3}% 48
\BOOKMARK [2][-]{subsection.16.3.3}{\376\377\000H\000a\000r\000v\000e\000s\000t\000i\000n\000g}{section.16.3}% 49
\BOOKMARK [2][-]{subsection.16.3.4}{\376\377\000P\000h\000y\000s\000i\000c\000s}{section.16.3}% 50
\BOOKMARK [0][-]{chapter.17}{\376\377\000D\000i\000s\000c\000r\000e\000t\000e\000\040\000R\000a\000n\000d\000o\000m\000\040\000V\000a\000r\000i\000a\000b\000l\000e\000s}{part.2}% 51
\BOOKMARK [0][-]{chapter.18}{\376\377\000S\000p\000e\000c\000i\000a\000l\000\040\000D\000i\000s\000c\000r\000e\000t\000e\000\040\000R\000a\000n\000d\000o\000m\000\040\000V\000a\000r\000i\000a\000b\000l\000e\000s}{part.2}% 52
\BOOKMARK [0][-]{chapter.19}{\376\377\000C\000o\000n\000t\000i\000n\000u\000o\000u\000s\000\040\000R\000a\000n\000d\000o\000m\000\040\000V\000a\000r\000i\000a\000b\000l\000e\000s}{part.2}% 53
\BOOKMARK [0][-]{chapter.20}{\376\377\000S\000p\000e\000c\000i\000a\000l\000\040\000C\000o\000n\000t\000i\000n\000u\000o\000u\000s\000\040\000R\000a\000n\000d\000o\000m\000\040\000V\000a\000r\000i\000a\000b\000l\000e\000s}{part.2}% 54
\BOOKMARK [0][-]{chapter.21}{\376\377\000S\000a\000m\000p\000l\000i\000n\000g\000\040\000a\000n\000d\000\040\000E\000s\000t\000i\000m\000a\000t\000i\000o\000n}{part.2}% 55
\BOOKMARK [0][-]{chapter.22}{\376\377\000S\000t\000a\000t\000i\000s\000t\000i\000c\000s\000:\000\040\000H\000y\000p\000o\000t\000h\000e\000s\000i\000s\000\040\000T\000e\000s\000t\000i\000n\000g}{part.2}% 56
\BOOKMARK [1][-]{section.22.1}{\376\377\000P\000r\000e\000l\000i\000m\000i\000n\000a\000r\000y\000\040\000D\000e\000f\000i\000n\000i\000t\000i\000o\000n\000s}{chapter.22}% 57
\BOOKMARK [1][-]{section.22.2}{\376\377\000O\000n\000e\000\040\000S\000a\000m\000p\000l\000e\000\040\000z\000-\000T\000e\000s\000t}{chapter.22}% 58
\BOOKMARK [1][-]{section.22.3}{\376\377\000S\000t\000u\000d\000e\000n\000t\000'\000s\000\040\000t\000-\000D\000i\000s\000t\000r\000i\000b\000u\000t\000i\000o\000n}{chapter.22}% 59
\BOOKMARK [1][-]{section.22.4}{\376\377\000O\000n\000e\000\040\000S\000a\000m\000p\000l\000e\000\040\000t\000-\000T\000e\000s\000t}{chapter.22}% 60
\BOOKMARK [1][-]{section.22.5}{\376\377\000T\000w\000o\000\040\000S\000a\000m\000p\000l\000e\000\040\000z\000-\000T\000e\000s\000t}{chapter.22}% 61
\BOOKMARK [1][-]{section.22.6}{\376\377\000T\000w\000o\000\040\000S\000a\000m\000p\000l\000e\000\040\000t\000-\000T\000e\000s\000t}{chapter.22}% 62
\BOOKMARK [1][-]{section.22.7}{\376\377\000P\000a\000i\000r\000e\000d\000\040\000S\000a\000m\000p\000l\000e\000\040\000t\000-\000T\000e\000s\000t}{chapter.22}% 63
\BOOKMARK [1][-]{section.22.8}{\376\377\000S\000u\000m\000m\000a\000r\000y}{chapter.22}% 64
\BOOKMARK [0][-]{chapter.23}{\376\377\000C\000h\000i\000-\000S\000q\000u\000a\000r\000e\000d\000\040\0002\000\040\000T\000e\000s\000t\000s}{part.2}% 65
\BOOKMARK [1][-]{section.23.1}{\376\377\000T\000h\000e\000\040\0002\000-\000D\000i\000s\000t\000r\000i\000b\000u\000t\000i\000o\000n}{chapter.23}% 66
\BOOKMARK [1][-]{section.23.2}{\376\377\000A\000\040\000G\000o\000o\000d\000n\000e\000s\000s\000-\000o\000f\000-\000F\000i\000t\000\040\000T\000e\000s\000t}{chapter.23}% 67
\BOOKMARK [1][-]{section.23.3}{\376\377\000T\000e\000s\000t\000s\000\040\000o\000f\000\040\000I\000n\000d\000e\000p\000e\000n\000d\000e\000n\000c\000e}{chapter.23}% 68
\BOOKMARK [0][-]{chapter.24}{\376\377\000C\000o\000r\000r\000e\000l\000a\000t\000i\000o\000n\000\040\000a\000n\000d\000\040\000L\000i\000n\000e\000a\000r\000\040\000R\000e\000g\000r\000e\000s\000s\000i\000o\000n}{part.2}% 69
\BOOKMARK [1][-]{section.24.1}{\376\377\000S\000c\000a\000t\000t\000e\000r\000\040\000D\000i\000a\000g\000r\000a\000m\000s}{chapter.24}% 70
\BOOKMARK [1][-]{section.24.2}{\376\377\000P\000r\000o\000d\000u\000c\000t\000\040\000M\000o\000m\000e\000n\000t\000\040\000C\000o\000r\000r\000e\000l\000a\000t\000i\000o\000n\000\040\000C\000o\000e\000f\000f\000i\000c\000i\000e\000n\000t\000\040\000r}{chapter.24}% 71
\BOOKMARK [1][-]{section.24.3}{\376\377\000R\000e\000g\000r\000e\000s\000s\000i\000o\000n\000\040\000L\000i\000n\000e\000s}{chapter.24}% 72
\BOOKMARK [1][-]{section.24.4}{\376\377\000O\000t\000h\000e\000r\000\040\000N\000o\000t\000e\000s}{chapter.24}% 73
\BOOKMARK [0][-]{chapter.25}{\376\377\000N\000o\000n\000-\000P\000a\000r\000a\000m\000e\000t\000r\000i\000c\000\040\000T\000e\000s\000t\000s}{part.2}% 74
\BOOKMARK [1][-]{section.25.1}{\376\377\000S\000i\000g\000n\000\040\000T\000e\000s\000t}{chapter.25}% 75
\BOOKMARK [1][-]{section.25.2}{\376\377\000W\000i\000l\000c\000o\000x\000o\000n\000\040\000M\000a\000t\000c\000h\000e\000d\000-\000P\000a\000i\000r\000s\000\040\000S\000i\000g\000n\000e\000d\000\040\000R\000a\000n\000k\000\040\000T\000e\000s\000t}{chapter.25}% 76
\BOOKMARK [0][-]{chapter.26}{\376\377\000B\000i\000b\000l\000i\000o\000g\000r\000a\000p\000h\000y}{part.2}% 77
