This is pdfTeX, Version 3.141592653-2.6-1.40.25 (TeX Live 2023) (preloaded format=pdflatex 2023.7.10)  2 MAR 2024 13:55
entering extended mode
 restricted \write18 enabled.
 file:line:error style messages enabled.
 %&-line parsing enabled.
**Argand
(./Argand.tex
LaTeX2e <2023-06-01> patch level 1
L3 programming layer <2023-06-30>
(c:/texlive/2023/texmf-dist/tex/latex/standalone/standalone.cls
Document Class: standalone 2022/10/10 v1.3b Class to compile TeX sub-files standalone
(c:/texlive/2023/texmf-dist/tex/latex/tools/shellesc.sty
Package: shellesc 2023/04/15 v1.0d unified shell escape interface for LaTeX
Package shellesc Info: Restricted shell escape enabled on input line 77.
) (c:/texlive/2023/texmf-dist/tex/generic/iftex/ifluatex.sty
Package: ifluatex 2019/10/25 v1.5 ifluatex legacy package. Use iftex instead.
 (c:/texlive/2023/texmf-dist/tex/generic/iftex/iftex.sty
Package: iftex 2022/02/03 v1.0f TeX engine tests
)) (c:/texlive/2023/texmf-dist/tex/latex/xkeyval/xkeyval.sty
Package: xkeyval 2022/06/16 v2.9 package option processing (HA)
 (c:/texlive/2023/texmf-dist/tex/generic/xkeyval/xkeyval.tex (c:/texlive/2023/texmf-dist/tex/generic/xkeyval/xkvutils.tex
\XKV@toks=\toks17
\XKV@tempa@toks=\toks18
 (c:/texlive/2023/texmf-dist/tex/generic/xkeyval/keyval.tex))
\XKV@depth=\count185
File: xkeyval.tex 2014/12/03 v2.7a key=value parser (HA)
))
\sa@internal=\count186
\c@sapage=\count187
 (c:/texlive/2023/texmf-dist/tex/latex/standalone/standalone.cfg
File: standalone.cfg 2022/10/10 v1.3b Default configuration file for 'standalone' class
) (c:/texlive/2023/texmf-dist/tex/latex/base/article.cls
Document Class: article 2023/05/17 v1.4n Standard LaTeX document class
(c:/texlive/2023/texmf-dist/tex/latex/base/size10.clo
File: size10.clo 2023/05/17 v1.4n Standard LaTeX file (size option)
)
\c@part=\count188
\c@section=\count189
\c@subsection=\count190
\c@subsubsection=\count191
\c@paragraph=\count192
\c@subparagraph=\count193
\c@figure=\count194
\c@table=\count195
\abovecaptionskip=\skip48
\belowcaptionskip=\skip49
\bibindent=\dimen140
) (c:/texlive/2023/texmf-dist/tex/latex/pgf/frontendlayer/tikz.sty (c:/texlive/2023/texmf-dist/tex/latex/pgf/basiclayer/pgf.sty (c:/texlive/2023/texmf-dist/tex/latex/pgf/utilities/pgfrcs.sty (c:/texlive/2023/texmf-dist/tex/generic/pgf/utilities/pgfutil-common.tex
\pgfutil@everybye=\toks19
\pgfutil@tempdima=\dimen141
\pgfutil@tempdimb=\dimen142
) (c:/texlive/2023/texmf-dist/tex/generic/pgf/utilities/pgfutil-latex.def
\pgfutil@abb=\box51
) (c:/texlive/2023/texmf-dist/tex/generic/pgf/utilities/pgfrcs.code.tex (c:/texlive/2023/texmf-dist/tex/generic/pgf/pgf.revision.tex)
Package: pgfrcs 2023-01-15 v3.1.10 (3.1.10)
))
Package: pgf 2023-01-15 v3.1.10 (3.1.10)
 (c:/texlive/2023/texmf-dist/tex/latex/pgf/basiclayer/pgfcore.sty (c:/texlive/2023/texmf-dist/tex/latex/graphics/graphicx.sty
Package: graphicx 2021/09/16 v1.2d Enhanced LaTeX Graphics (DPC,SPQR)
 (c:/texlive/2023/texmf-dist/tex/latex/graphics/graphics.sty
Package: graphics 2022/03/10 v1.4e Standard LaTeX Graphics (DPC,SPQR)
 (c:/texlive/2023/texmf-dist/tex/latex/graphics/trig.sty
Package: trig 2021/08/11 v1.11 sin cos tan (DPC)
) (c:/texlive/2023/texmf-dist/tex/latex/graphics-cfg/graphics.cfg
File: graphics.cfg 2016/06/04 v1.11 sample graphics configuration
)
Package graphics Info: Driver file: pdftex.def on input line 107.
 (c:/texlive/2023/texmf-dist/tex/latex/graphics-def/pdftex.def
File: pdftex.def 2022/09/22 v1.2b Graphics/color driver for pdftex
))
\Gin@req@height=\dimen143
\Gin@req@width=\dimen144
) (c:/texlive/2023/texmf-dist/tex/latex/pgf/systemlayer/pgfsys.sty (c:/texlive/2023/texmf-dist/tex/generic/pgf/systemlayer/pgfsys.code.tex
Package: pgfsys 2023-01-15 v3.1.10 (3.1.10)
 (c:/texlive/2023/texmf-dist/tex/generic/pgf/utilities/pgfkeys.code.tex
\pgfkeys@pathtoks=\toks20
\pgfkeys@temptoks=\toks21
 (c:/texlive/2023/texmf-dist/tex/generic/pgf/utilities/pgfkeyslibraryfiltered.code.tex
\pgfkeys@tmptoks=\toks22
))
\pgf@x=\dimen145
\pgf@y=\dimen146
\pgf@xa=\dimen147
\pgf@ya=\dimen148
\pgf@xb=\dimen149
\pgf@yb=\dimen150
\pgf@xc=\dimen151
\pgf@yc=\dimen152
\pgf@xd=\dimen153
\pgf@yd=\dimen154
\w@pgf@writea=\write3
\r@pgf@reada=\read2
\c@pgf@counta=\count196
\c@pgf@countb=\count197
\c@pgf@countc=\count198
\c@pgf@countd=\count199
\t@pgf@toka=\toks23
\t@pgf@tokb=\toks24
\t@pgf@tokc=\toks25
\pgf@sys@id@count=\count266
 (c:/texlive/2023/texmf-dist/tex/generic/pgf/systemlayer/pgf.cfg
File: pgf.cfg 2023-01-15 v3.1.10 (3.1.10)
)
Driver file for pgf: pgfsys-pdftex.def
 (c:/texlive/2023/texmf-dist/tex/generic/pgf/systemlayer/pgfsys-pdftex.def
File: pgfsys-pdftex.def 2023-01-15 v3.1.10 (3.1.10)
 (c:/texlive/2023/texmf-dist/tex/generic/pgf/systemlayer/pgfsys-common-pdf.def
File: pgfsys-common-pdf.def 2023-01-15 v3.1.10 (3.1.10)
))) (c:/texlive/2023/texmf-dist/tex/generic/pgf/systemlayer/pgfsyssoftpath.code.tex
File: pgfsyssoftpath.code.tex 2023-01-15 v3.1.10 (3.1.10)
\pgfsyssoftpath@smallbuffer@items=\count267
\pgfsyssoftpath@bigbuffer@items=\count268
) (c:/texlive/2023/texmf-dist/tex/generic/pgf/systemlayer/pgfsysprotocol.code.tex
File: pgfsysprotocol.code.tex 2023-01-15 v3.1.10 (3.1.10)
)) (c:/texlive/2023/texmf-dist/tex/latex/xcolor/xcolor.sty
Package: xcolor 2022/06/12 v2.14 LaTeX color extensions (UK)
 (c:/texlive/2023/texmf-dist/tex/latex/graphics-cfg/color.cfg
File: color.cfg 2016/01/02 v1.6 sample color configuration
)
Package xcolor Info: Driver file: pdftex.def on input line 227.
 (c:/texlive/2023/texmf-dist/tex/latex/graphics/mathcolor.ltx)
Package xcolor Info: Model `cmy' substituted by `cmy0' on input line 1353.
Package xcolor Info: Model `hsb' substituted by `rgb' on input line 1357.
Package xcolor Info: Model `RGB' extended on input line 1369.
Package xcolor Info: Model `HTML' substituted by `rgb' on input line 1371.
Package xcolor Info: Model `Hsb' substituted by `hsb' on input line 1372.
Package xcolor Info: Model `tHsb' substituted by `hsb' on input line 1373.
Package xcolor Info: Model `HSB' substituted by `hsb' on input line 1374.
Package xcolor Info: Model `Gray' substituted by `gray' on input line 1375.
Package xcolor Info: Model `wave' substituted by `hsb' on input line 1376.
) (c:/texlive/2023/texmf-dist/tex/generic/pgf/basiclayer/pgfcore.code.tex
Package: pgfcore 2023-01-15 v3.1.10 (3.1.10)
 (c:/texlive/2023/texmf-dist/tex/generic/pgf/math/pgfmath.code.tex (c:/texlive/2023/texmf-dist/tex/generic/pgf/math/pgfmathutil.code.tex) (c:/texlive/2023/texmf-dist/tex/generic/pgf/math/pgfmathparser.code.tex
\pgfmath@dimen=\dimen155
\pgfmath@count=\count269
\pgfmath@box=\box52
\pgfmath@toks=\toks26
\pgfmath@stack@operand=\toks27
\pgfmath@stack@operation=\toks28
) (c:/texlive/2023/texmf-dist/tex/generic/pgf/math/pgfmathfunctions.code.tex) (c:/texlive/2023/texmf-dist/tex/generic/pgf/math/pgfmathfunctions.basic.code.tex) (c:/texlive/2023/texmf-dist/tex/generic/pgf/math/pgfmathfunctions.trigonometric.code.tex) (c:/texlive/2023/texmf-dist/tex/generic/pgf/math/pgfmathfunctions.random.code.tex) (c:/texlive/2023/texmf-dist/tex/generic/pgf/math/pgfmathfunctions.comparison.code.tex) (c:/texlive/2023/texmf-dist/tex/generic/pgf/math/pgfmathfunctions.base.code.tex) (c:/texlive/2023/texmf-dist/tex/generic/pgf/math/pgfmathfunctions.round.code.tex) (c:/texlive/2023/texmf-dist/tex/generic/pgf/math/pgfmathfunctions.misc.code.tex) (c:/texlive/2023/texmf-dist/tex/generic/pgf/math/pgfmathfunctions.integerarithmetics.code.tex) (c:/texlive/2023/texmf-dist/tex/generic/pgf/math/pgfmathcalc.code.tex) (c:/texlive/2023/texmf-dist/tex/generic/pgf/math/pgfmathfloat.code.tex
\c@pgfmathroundto@lastzeros=\count270
)) (c:/texlive/2023/texmf-dist/tex/generic/pgf/math/pgfint.code.tex) (c:/texlive/2023/texmf-dist/tex/generic/pgf/basiclayer/pgfcorepoints.code.tex
File: pgfcorepoints.code.tex 2023-01-15 v3.1.10 (3.1.10)
\pgf@picminx=\dimen156
\pgf@picmaxx=\dimen157
\pgf@picminy=\dimen158
\pgf@picmaxy=\dimen159
\pgf@pathminx=\dimen160
\pgf@pathmaxx=\dimen161
\pgf@pathminy=\dimen162
\pgf@pathmaxy=\dimen163
\pgf@xx=\dimen164
\pgf@xy=\dimen165
\pgf@yx=\dimen166
\pgf@yy=\dimen167
\pgf@zx=\dimen168
\pgf@zy=\dimen169
) (c:/texlive/2023/texmf-dist/tex/generic/pgf/basiclayer/pgfcorepathconstruct.code.tex
File: pgfcorepathconstruct.code.tex 2023-01-15 v3.1.10 (3.1.10)
\pgf@path@lastx=\dimen170
\pgf@path@lasty=\dimen171
) (c:/texlive/2023/texmf-dist/tex/generic/pgf/basiclayer/pgfcorepathusage.code.tex
File: pgfcorepathusage.code.tex 2023-01-15 v3.1.10 (3.1.10)
\pgf@shorten@end@additional=\dimen172
\pgf@shorten@start@additional=\dimen173
) (c:/texlive/2023/texmf-dist/tex/generic/pgf/basiclayer/pgfcorescopes.code.tex
File: pgfcorescopes.code.tex 2023-01-15 v3.1.10 (3.1.10)
\pgfpic=\box53
\pgf@hbox=\box54
\pgf@layerbox@main=\box55
\pgf@picture@serial@count=\count271
) (c:/texlive/2023/texmf-dist/tex/generic/pgf/basiclayer/pgfcoregraphicstate.code.tex
File: pgfcoregraphicstate.code.tex 2023-01-15 v3.1.10 (3.1.10)
\pgflinewidth=\dimen174
) (c:/texlive/2023/texmf-dist/tex/generic/pgf/basiclayer/pgfcoretransformations.code.tex
File: pgfcoretransformations.code.tex 2023-01-15 v3.1.10 (3.1.10)
\pgf@pt@x=\dimen175
\pgf@pt@y=\dimen176
\pgf@pt@temp=\dimen177
) (c:/texlive/2023/texmf-dist/tex/generic/pgf/basiclayer/pgfcorequick.code.tex
File: pgfcorequick.code.tex 2023-01-15 v3.1.10 (3.1.10)
) (c:/texlive/2023/texmf-dist/tex/generic/pgf/basiclayer/pgfcoreobjects.code.tex
File: pgfcoreobjects.code.tex 2023-01-15 v3.1.10 (3.1.10)
) (c:/texlive/2023/texmf-dist/tex/generic/pgf/basiclayer/pgfcorepathprocessing.code.tex
File: pgfcorepathprocessing.code.tex 2023-01-15 v3.1.10 (3.1.10)
) (c:/texlive/2023/texmf-dist/tex/generic/pgf/basiclayer/pgfcorearrows.code.tex
File: pgfcorearrows.code.tex 2023-01-15 v3.1.10 (3.1.10)
\pgfarrowsep=\dimen178
) (c:/texlive/2023/texmf-dist/tex/generic/pgf/basiclayer/pgfcoreshade.code.tex
File: pgfcoreshade.code.tex 2023-01-15 v3.1.10 (3.1.10)
\pgf@max=\dimen179
\pgf@sys@shading@range@num=\count272
\pgf@shadingcount=\count273
) (c:/texlive/2023/texmf-dist/tex/generic/pgf/basiclayer/pgfcoreimage.code.tex
File: pgfcoreimage.code.tex 2023-01-15 v3.1.10 (3.1.10)
) (c:/texlive/2023/texmf-dist/tex/generic/pgf/basiclayer/pgfcoreexternal.code.tex
File: pgfcoreexternal.code.tex 2023-01-15 v3.1.10 (3.1.10)
\pgfexternal@startupbox=\box56
) (c:/texlive/2023/texmf-dist/tex/generic/pgf/basiclayer/pgfcorelayers.code.tex
File: pgfcorelayers.code.tex 2023-01-15 v3.1.10 (3.1.10)
) (c:/texlive/2023/texmf-dist/tex/generic/pgf/basiclayer/pgfcoretransparency.code.tex
File: pgfcoretransparency.code.tex 2023-01-15 v3.1.10 (3.1.10)
) (c:/texlive/2023/texmf-dist/tex/generic/pgf/basiclayer/pgfcorepatterns.code.tex
File: pgfcorepatterns.code.tex 2023-01-15 v3.1.10 (3.1.10)
) (c:/texlive/2023/texmf-dist/tex/generic/pgf/basiclayer/pgfcorerdf.code.tex
File: pgfcorerdf.code.tex 2023-01-15 v3.1.10 (3.1.10)
))) (c:/texlive/2023/texmf-dist/tex/generic/pgf/modules/pgfmoduleshapes.code.tex
File: pgfmoduleshapes.code.tex 2023-01-15 v3.1.10 (3.1.10)
\pgfnodeparttextbox=\box57
) (c:/texlive/2023/texmf-dist/tex/generic/pgf/modules/pgfmoduleplot.code.tex
File: pgfmoduleplot.code.tex 2023-01-15 v3.1.10 (3.1.10)
) (c:/texlive/2023/texmf-dist/tex/latex/pgf/compatibility/pgfcomp-version-0-65.sty
Package: pgfcomp-version-0-65 2023-01-15 v3.1.10 (3.1.10)
\pgf@nodesepstart=\dimen180
\pgf@nodesepend=\dimen181
) (c:/texlive/2023/texmf-dist/tex/latex/pgf/compatibility/pgfcomp-version-1-18.sty
Package: pgfcomp-version-1-18 2023-01-15 v3.1.10 (3.1.10)
)) (c:/texlive/2023/texmf-dist/tex/latex/pgf/utilities/pgffor.sty (c:/texlive/2023/texmf-dist/tex/latex/pgf/utilities/pgfkeys.sty (c:/texlive/2023/texmf-dist/tex/generic/pgf/utilities/pgfkeys.code.tex)) (c:/texlive/2023/texmf-dist/tex/latex/pgf/math/pgfmath.sty (c:/texlive/2023/texmf-dist/tex/generic/pgf/math/pgfmath.code.tex)) (c:/texlive/2023/texmf-dist/tex/generic/pgf/utilities/pgffor.code.tex
Package: pgffor 2023-01-15 v3.1.10 (3.1.10)
\pgffor@iter=\dimen182
\pgffor@skip=\dimen183
\pgffor@stack=\toks29
\pgffor@toks=\toks30
)) (c:/texlive/2023/texmf-dist/tex/generic/pgf/frontendlayer/tikz/tikz.code.tex
Package: tikz 2023-01-15 v3.1.10 (3.1.10)
 (c:/texlive/2023/texmf-dist/tex/generic/pgf/libraries/pgflibraryplothandlers.code.tex
File: pgflibraryplothandlers.code.tex 2023-01-15 v3.1.10 (3.1.10)
\pgf@plot@mark@count=\count274
\pgfplotmarksize=\dimen184
)
\tikz@lastx=\dimen185
\tikz@lasty=\dimen186
\tikz@lastxsaved=\dimen187
\tikz@lastysaved=\dimen188
\tikz@lastmovetox=\dimen189
\tikz@lastmovetoy=\dimen190
\tikzleveldistance=\dimen191
\tikzsiblingdistance=\dimen192
\tikz@figbox=\box58
\tikz@figbox@bg=\box59
\tikz@tempbox=\box60
\tikz@tempbox@bg=\box61
\tikztreelevel=\count275
\tikznumberofchildren=\count276
\tikznumberofcurrentchild=\count277
\tikz@fig@count=\count278
 (c:/texlive/2023/texmf-dist/tex/generic/pgf/modules/pgfmodulematrix.code.tex
File: pgfmodulematrix.code.tex 2023-01-15 v3.1.10 (3.1.10)
\pgfmatrixcurrentrow=\count279
\pgfmatrixcurrentcolumn=\count280
\pgf@matrix@numberofcolumns=\count281
)
\tikz@expandcount=\count282
 (c:/texlive/2023/texmf-dist/tex/generic/pgf/frontendlayer/tikz/libraries/tikzlibrarytopaths.code.tex
File: tikzlibrarytopaths.code.tex 2023-01-15 v3.1.10 (3.1.10)
)))
\sa@box=\box62
) (c:/texlive/2023/texmf-dist/tex/latex/base/inputenc.sty
Package: inputenc 2021/02/14 v1.3d Input encoding file
\inpenc@prehook=\toks31
\inpenc@posthook=\toks32
) (c:/texlive/2023/texmf-dist/tex/latex/base/fontenc.sty
Package: fontenc 2021/04/29 v2.0v Standard LaTeX package
) (c:/texlive/2023/texmf-dist/tex/latex/units/nicefrac.sty
Package: nicefrac 1998/08/04 v0.9b Nice fractions
\L@UnitsRaiseDisplaystyle=\skip50
\L@UnitsRaiseTextstyle=\skip51
\L@UnitsRaiseScriptstyle=\skip52
 (c:/texlive/2023/texmf-dist/tex/latex/base/ifthen.sty
Package: ifthen 2022/04/13 v1.1d Standard LaTeX ifthen package (DPC)
)) (c:/texlive/2023/texmf-dist/tex/latex/amsmath/amsmath.sty
Package: amsmath 2023/05/13 v2.17o AMS math features
\@mathmargin=\skip53

For additional information on amsmath, use the `?' option.
(c:/texlive/2023/texmf-dist/tex/latex/amsmath/amstext.sty
Package: amstext 2021/08/26 v2.01 AMS text
 (c:/texlive/2023/texmf-dist/tex/latex/amsmath/amsgen.sty
File: amsgen.sty 1999/11/30 v2.0 generic functions
\@emptytoks=\toks33
\ex@=\dimen193
)) (c:/texlive/2023/texmf-dist/tex/latex/amsmath/amsbsy.sty
Package: amsbsy 1999/11/29 v1.2d Bold Symbols
\pmbraise@=\dimen194
) (c:/texlive/2023/texmf-dist/tex/latex/amsmath/amsopn.sty
Package: amsopn 2022/04/08 v2.04 operator names
)
\inf@bad=\count283
LaTeX Info: Redefining \frac on input line 234.
\uproot@=\count284
\leftroot@=\count285
LaTeX Info: Redefining \overline on input line 399.
LaTeX Info: Redefining \colon on input line 410.
\classnum@=\count286
\DOTSCASE@=\count287
LaTeX Info: Redefining \ldots on input line 496.
LaTeX Info: Redefining \dots on input line 499.
LaTeX Info: Redefining \cdots on input line 620.
\Mathstrutbox@=\box63
\strutbox@=\box64
LaTeX Info: Redefining \big on input line 722.
LaTeX Info: Redefining \Big on input line 723.
LaTeX Info: Redefining \bigg on input line 724.
LaTeX Info: Redefining \Bigg on input line 725.
\big@size=\dimen195
LaTeX Font Info:    Redeclaring font encoding OML on input line 743.
LaTeX Font Info:    Redeclaring font encoding OMS on input line 744.
\macc@depth=\count288
LaTeX Info: Redefining \bmod on input line 905.
LaTeX Info: Redefining \pmod on input line 910.
LaTeX Info: Redefining \smash on input line 940.
LaTeX Info: Redefining \relbar on input line 970.
LaTeX Info: Redefining \Relbar on input line 971.
\c@MaxMatrixCols=\count289
\dotsspace@=\muskip16
\c@parentequation=\count290
\dspbrk@lvl=\count291
\tag@help=\toks34
\row@=\count292
\column@=\count293
\maxfields@=\count294
\andhelp@=\toks35
\eqnshift@=\dimen196
\alignsep@=\dimen197
\tagshift@=\dimen198
\tagwidth@=\dimen199
\totwidth@=\dimen256
\lineht@=\dimen257
\@envbody=\toks36
\multlinegap=\skip54
\multlinetaggap=\skip55
\mathdisplay@stack=\toks37
LaTeX Info: Redefining \[ on input line 2953.
LaTeX Info: Redefining \] on input line 2954.
) (c:/texlive/2023/texmf-dist/tex/generic/pgf/frontendlayer/tikz/libraries/tikzlibrarybackgrounds.code.tex
File: tikzlibrarybackgrounds.code.tex 2023-01-15 v3.1.10 (3.1.10)
\pgf@layerbox@background=\box65
\pgf@layerboxsaved@background=\box66
) (c:/texlive/2023/texmf-dist/tex/latex/l3backend/l3backend-pdftex.def
File: l3backend-pdftex.def 2023-04-19 L3 backend support: PDF output (pdfTeX)
\l__color_backend_stack_int=\count295
\l__pdf_internal_box=\box67
)
No file Argand.aux.
\openout1 = `Argand.aux'.

LaTeX Font Info:    Checking defaults for OML/cmm/m/it on input line 13.
LaTeX Font Info:    ... okay on input line 13.
LaTeX Font Info:    Checking defaults for OMS/cmsy/m/n on input line 13.
LaTeX Font Info:    ... okay on input line 13.
LaTeX Font Info:    Checking defaults for OT1/cmr/m/n on input line 13.
LaTeX Font Info:    ... okay on input line 13.
LaTeX Font Info:    Checking defaults for T1/cmr/m/n on input line 13.
LaTeX Font Info:    ... okay on input line 13.
LaTeX Font Info:    Checking defaults for TS1/cmr/m/n on input line 13.
LaTeX Font Info:    ... okay on input line 13.
LaTeX Font Info:    Checking defaults for OMX/cmex/m/n on input line 13.
LaTeX Font Info:    ... okay on input line 13.
LaTeX Font Info:    Checking defaults for U/cmr/m/n on input line 13.
LaTeX Font Info:    ... okay on input line 13.
(c:/texlive/2023/texmf-dist/tex/context/base/mkii/supp-pdf.mkii
[Loading MPS to PDF converter (version 2006.09.02).]
\scratchcounter=\count296
\scratchdimen=\dimen258
\scratchbox=\box68
\nofMPsegments=\count297
\nofMParguments=\count298
\everyMPshowfont=\toks38
\MPscratchCnt=\count299
\MPscratchDim=\dimen259
\MPnumerator=\count300
\makeMPintoPDFobject=\count301
\everyMPtoPDFconversion=\toks39
) (c:/texlive/2023/texmf-dist/tex/latex/epstopdf-pkg/epstopdf-base.sty
Package: epstopdf-base 2020-01-24 v2.11 Base part for package epstopdf
 (c:/texlive/2023/texmf-dist/tex/generic/infwarerr/infwarerr.sty
Package: infwarerr 2019/12/03 v1.5 Providing info/warning/error messages (HO)
) (c:/texlive/2023/texmf-dist/tex/latex/grfext/grfext.sty
Package: grfext 2019/12/03 v1.3 Manage graphics extensions (HO)
 (c:/texlive/2023/texmf-dist/tex/generic/kvdefinekeys/kvdefinekeys.sty
Package: kvdefinekeys 2019-12-19 v1.6 Define keys (HO)
)) (c:/texlive/2023/texmf-dist/tex/latex/kvoptions/kvoptions.sty
Package: kvoptions 2022-06-15 v3.15 Key value format for package options (HO)
 (c:/texlive/2023/texmf-dist/tex/generic/ltxcmds/ltxcmds.sty
Package: ltxcmds 2020-05-10 v1.25 LaTeX kernel commands for general use (HO)
) (c:/texlive/2023/texmf-dist/tex/latex/kvsetkeys/kvsetkeys.sty
Package: kvsetkeys 2022-10-05 v1.19 Key value parser (HO)
)) (c:/texlive/2023/texmf-dist/tex/generic/pdftexcmds/pdftexcmds.sty
Package: pdftexcmds 2020-06-27 v0.33 Utility functions of pdfTeX for LuaTeX (HO)
Package pdftexcmds Info: \pdf@primitive is available.
Package pdftexcmds Info: \pdf@ifprimitive is available.
Package pdftexcmds Info: \pdfdraftmode found.
)
Package epstopdf-base Info: Redefining graphics rule for `.eps' on input line 485.
Package grfext Info: Graphics extension search list:
(grfext)             [.pdf,.png,.jpg,.mps,.jpeg,.jbig2,.jb2,.PDF,.PNG,.JPG,.JPEG,.JBIG2,.JB2,.eps]
(grfext)             \AppendGraphicsExtensions on input line 504.
 (c:/texlive/2023/texmf-dist/tex/latex/latexconfig/epstopdf-sys.cfg
File: epstopdf-sys.cfg 2010/07/13 v1.3 Configuration of (r)epstopdf for TeX Live
))
Missing character: There is no ; in font nullfont!
[1

{c:/texlive/2023/texmf-var/fonts/map/pdftex/updmap/pdftex.map}]
Missing character: There is no ; in font nullfont!
[2]
Missing character: There is no ; in font nullfont!
[3]
Missing character: There is no ; in font nullfont!
[4]
Missing character: There is no ; in font nullfont!
[5]
Missing character: There is no ; in font nullfont!
[6]
Missing character: There is no ; in font nullfont!
[7]
Missing character: There is no ; in font nullfont!
[8]
Missing character: There is no ; in font nullfont!
[9]
Missing character: There is no ; in font nullfont!
[10]
Missing character: There is no ; in font nullfont!
[11]
Missing character: There is no ; in font nullfont!
[12]
Missing character: There is no ; in font nullfont!
[13]
Missing character: There is no ; in font nullfont!
[14]
Missing character: There is no ; in font nullfont!
[15]
Missing character: There is no ; in font nullfont!
[16]
Missing character: There is no ; in font nullfont!
[17]
Missing character: There is no ; in font nullfont!
[18]
Missing character: There is no ; in font nullfont!
[19]
Missing character: There is no ; in font nullfont!
[20]
Missing character: There is no ; in font nullfont!
[21]
Missing character: There is no ; in font nullfont!
[22]
Missing character: There is no ; in font nullfont!
[23]
Missing character: There is no ; in font nullfont!
[24]
Missing character: There is no ; in font nullfont!
[25]
Missing character: There is no ; in font nullfont!
[26]
Missing character: There is no ; in font nullfont!
[27]
Missing character: There is no ; in font nullfont!
[28]
Missing character: There is no ; in font nullfont!
[29]
Missing character: There is no ; in font nullfont!
[30]
Missing character: There is no ; in font nullfont!
[31]
Missing character: There is no ; in font nullfont!
[32]
Missing character: There is no ; in font nullfont!
[33]
Missing character: There is no ; in font nullfont!
[34]
Missing character: There is no ; in font nullfont!
[35]
Missing character: There is no ; in font nullfont!
[36]
Missing character: There is no ; in font nullfont!
[37]
Missing character: There is no ; in font nullfont!
[38]
Missing character: There is no ; in font nullfont!
[39]
Missing character: There is no ; in font nullfont!
[40]
Missing character: There is no ; in font nullfont!
[41]
Missing character: There is no ; in font nullfont!
[42]
Missing character: There is no ; in font nullfont!
[43]
Missing character: There is no ; in font nullfont!
[44]
Missing character: There is no ; in font nullfont!
[45]
Missing character: There is no ; in font nullfont!
[46]
Missing character: There is no ; in font nullfont!
[47]
Missing character: There is no ; in font nullfont!
[48]
Missing character: There is no ; in font nullfont!
[49]
Missing character: There is no ; in font nullfont!
[50]
Missing character: There is no ; in font nullfont!
[51]
Missing character: There is no ; in font nullfont!
[52]
Missing character: There is no ; in font nullfont!
[53]
Missing character: There is no ; in font nullfont!
[54]
Missing character: There is no ; in font nullfont!
[55]
Missing character: There is no ; in font nullfont!
[56]
Missing character: There is no ; in font nullfont!
[57]
Missing character: There is no ; in font nullfont!
[58]
Missing character: There is no ; in font nullfont!
[59]
Missing character: There is no ; in font nullfont!
[60]
Missing character: There is no ; in font nullfont!
[61]
Missing character: There is no ; in font nullfont!
[62]
Missing character: There is no ; in font nullfont!
[63]
Missing character: There is no ; in font nullfont!
[64]
Missing character: There is no ; in font nullfont!
[65]
Missing character: There is no ; in font nullfont!
[66]
Missing character: There is no ; in font nullfont!
[67]
Missing character: There is no ; in font nullfont!
[68]
Missing character: There is no ; in font nullfont!
[69]
Missing character: There is no ; in font nullfont!
[70]
Missing character: There is no ; in font nullfont!
[71]
Missing character: There is no ; in font nullfont!
[72]
Missing character: There is no ; in font nullfont!
[73]
Missing character: There is no ; in font nullfont!
[74]
Missing character: There is no ; in font nullfont!
[75]
Missing character: There is no ; in font nullfont!
[76]
Missing character: There is no ; in font nullfont!
[77]
Missing character: There is no ; in font nullfont!
[78]
Missing character: There is no ; in font nullfont!
[79]
Missing character: There is no ; in font nullfont!
[80]
Missing character: There is no ; in font nullfont!
[81]
Missing character: There is no ; in font nullfont!
[82]
Missing character: There is no ; in font nullfont!
[83]
Missing character: There is no ; in font nullfont!
[84]
Missing character: There is no ; in font nullfont!
[85]
Missing character: There is no ; in font nullfont!
[86]
Missing character: There is no ; in font nullfont!
[87]
Missing character: There is no ; in font nullfont!
[88]
Missing character: There is no ; in font nullfont!
[89]
Missing character: There is no ; in font nullfont!
[90]
Missing character: There is no ; in font nullfont!
[91]
Missing character: There is no ; in font nullfont!
[92]
Missing character: There is no ; in font nullfont!
[93]
Missing character: There is no ; in font nullfont!
[94]
Missing character: There is no ; in font nullfont!
[95]
Missing character: There is no ; in font nullfont!
[96]
Missing character: There is no ; in font nullfont!
[97]
Missing character: There is no ; in font nullfont!
[98]
Missing character: There is no ; in font nullfont!
[99]
Missing character: There is no ; in font nullfont!
[100]
Missing character: There is no ; in font nullfont!
[101]
Missing character: There is no ; in font nullfont!
[102]
Missing character: There is no ; in font nullfont!
[103]
Missing character: There is no ; in font nullfont!
[104]
Missing character: There is no ; in font nullfont!
[105]
Missing character: There is no ; in font nullfont!
[106]
Missing character: There is no ; in font nullfont!
[107]
Missing character: There is no ; in font nullfont!
[108]
Missing character: There is no ; in font nullfont!
[109]
Missing character: There is no ; in font nullfont!
[110]
Missing character: There is no ; in font nullfont!
[111]
Missing character: There is no ; in font nullfont!
[112]
Missing character: There is no ; in font nullfont!
[113]
Missing character: There is no ; in font nullfont!
[114]
Missing character: There is no ; in font nullfont!
[115]
Missing character: There is no ; in font nullfont!
[116]
Missing character: There is no ; in font nullfont!
[117]
Missing character: There is no ; in font nullfont!
[118]
Missing character: There is no ; in font nullfont!
[119]
Missing character: There is no ; in font nullfont!
[120]
Missing character: There is no ; in font nullfont!
[121]
Missing character: There is no ; in font nullfont!
[122]
Missing character: There is no ; in font nullfont!
[123]
Missing character: There is no ; in font nullfont!
[124]
Missing character: There is no ; in font nullfont!
[125]
Missing character: There is no ; in font nullfont!
[126]
Missing character: There is no ; in font nullfont!
[127]
Missing character: There is no ; in font nullfont!
[128]
Missing character: There is no ; in font nullfont!
[129]
Missing character: There is no ; in font nullfont!
[130]
Missing character: There is no ; in font nullfont!
[131]
Missing character: There is no ; in font nullfont!
[132]
Missing character: There is no ; in font nullfont!
[133]
Missing character: There is no ; in font nullfont!
[134]
Missing character: There is no ; in font nullfont!
[135]
Missing character: There is no ; in font nullfont!
[136]
Missing character: There is no ; in font nullfont!
[137]
Missing character: There is no ; in font nullfont!
[138]
Missing character: There is no ; in font nullfont!
[139]
Missing character: There is no ; in font nullfont!
[140]
Missing character: There is no ; in font nullfont!
[141]
Missing character: There is no ; in font nullfont!
[142]
Missing character: There is no ; in font nullfont!
[143]
Missing character: There is no ; in font nullfont!
[144]
Missing character: There is no ; in font nullfont!
[145]
Missing character: There is no ; in font nullfont!
[146]
Missing character: There is no ; in font nullfont!
[147]
Missing character: There is no ; in font nullfont!
[148]
Missing character: There is no ; in font nullfont!
[149]
Missing character: There is no ; in font nullfont!
[150]
Missing character: There is no ; in font nullfont!
[151]
Missing character: There is no ; in font nullfont!
[152]
Missing character: There is no ; in font nullfont!
[153]
Missing character: There is no ; in font nullfont!
[154]
Missing character: There is no ; in font nullfont!
[155]
Missing character: There is no ; in font nullfont!
[156]
Missing character: There is no ; in font nullfont!
[157]
Missing character: There is no ; in font nullfont!
[158]
Missing character: There is no ; in font nullfont!
[159]
Missing character: There is no ; in font nullfont!
[160]
Missing character: There is no ; in font nullfont!
[161]
Missing character: There is no ; in font nullfont!
[162]
Missing character: There is no ; in font nullfont!
[163]
Missing character: There is no ; in font nullfont!
[164]
Missing character: There is no ; in font nullfont!
[165]
Missing character: There is no ; in font nullfont!
[166]
Missing character: There is no ; in font nullfont!
[167]
Missing character: There is no ; in font nullfont!
[168]
Missing character: There is no ; in font nullfont!
[169]
Missing character: There is no ; in font nullfont!
[170]
Missing character: There is no ; in font nullfont!
[171]
Missing character: There is no ; in font nullfont!
[172]
Missing character: There is no ; in font nullfont!
[173]
Missing character: There is no ; in font nullfont!
[174]
Missing character: There is no ; in font nullfont!
[175]
Missing character: There is no ; in font nullfont!
[176]
Missing character: There is no ; in font nullfont!
[177]
Missing character: There is no ; in font nullfont!
[178]
Missing character: There is no ; in font nullfont!
[179]
Missing character: There is no ; in font nullfont!
[180]
Missing character: There is no ; in font nullfont!
[181]
Missing character: There is no ; in font nullfont!
[182]
Missing character: There is no ; in font nullfont!
[183]
Missing character: There is no ; in font nullfont!
[184]
Missing character: There is no ; in font nullfont!
[185]
Missing character: There is no ; in font nullfont!
[186]
Missing character: There is no ; in font nullfont!
[187]
Missing character: There is no ; in font nullfont!
[188]
Missing character: There is no ; in font nullfont!
[189]
Missing character: There is no ; in font nullfont!
[190]
Missing character: There is no ; in font nullfont!
[191]
Missing character: There is no ; in font nullfont!
[192]
Missing character: There is no ; in font nullfont!
[193]
Missing character: There is no ; in font nullfont!
[194]
Missing character: There is no ; in font nullfont!
[195]
Missing character: There is no ; in font nullfont!
[196]
Missing character: There is no ; in font nullfont!
[197]
Missing character: There is no ; in font nullfont!
[198]
Missing character: There is no ; in font nullfont!
[199]
Missing character: There is no ; in font nullfont!
[200]
Missing character: There is no ; in font nullfont!
[201]
Missing character: There is no ; in font nullfont!
[202]
Missing character: There is no ; in font nullfont!
[203]
Missing character: There is no ; in font nullfont!
[204]
Missing character: There is no ; in font nullfont!
[205]
Missing character: There is no ; in font nullfont!
[206]
Missing character: There is no ; in font nullfont!
[207]
Missing character: There is no ; in font nullfont!
[208]
Missing character: There is no ; in font nullfont!
[209]
Missing character: There is no ; in font nullfont!
[210]
Missing character: There is no ; in font nullfont!
[211]
Missing character: There is no ; in font nullfont!
[212]
Missing character: There is no ; in font nullfont!
[213]
Missing character: There is no ; in font nullfont!
[214]
Missing character: There is no ; in font nullfont!
[215]
Missing character: There is no ; in font nullfont!
[216]
Missing character: There is no ; in font nullfont!
[217]
Missing character: There is no ; in font nullfont!
[218]
Missing character: There is no ; in font nullfont!
[219]
Missing character: There is no ; in font nullfont!
[220]
Missing character: There is no ; in font nullfont!
[221]
Missing character: There is no ; in font nullfont!
[222]
Missing character: There is no ; in font nullfont!
[223]
Missing character: There is no ; in font nullfont!
[224]
Missing character: There is no ; in font nullfont!
[225]
Missing character: There is no ; in font nullfont!
[226]
Missing character: There is no ; in font nullfont!
[227]
Missing character: There is no ; in font nullfont!
[228]
Missing character: There is no ; in font nullfont!
[229]
Missing character: There is no ; in font nullfont!
[230]
Missing character: There is no ; in font nullfont!
[231]
Missing character: There is no ; in font nullfont!
[232]
Missing character: There is no ; in font nullfont!
[233]
Missing character: There is no ; in font nullfont!
[234]
Missing character: There is no ; in font nullfont!
[235]
Missing character: There is no ; in font nullfont!
[236]
Missing character: There is no ; in font nullfont!
[237]
Missing character: There is no ; in font nullfont!
[238]
Missing character: There is no ; in font nullfont!
[239]
Missing character: There is no ; in font nullfont!
[240]
Missing character: There is no ; in font nullfont!
[241]
Missing character: There is no ; in font nullfont!
[242]
Missing character: There is no ; in font nullfont!
[243]
Missing character: There is no ; in font nullfont!
[244]
Missing character: There is no ; in font nullfont!
[245]
Missing character: There is no ; in font nullfont!
[246]
Missing character: There is no ; in font nullfont!
[247]
Missing character: There is no ; in font nullfont!
[248]
Missing character: There is no ; in font nullfont!
[249]
Missing character: There is no ; in font nullfont!
[250]
Missing character: There is no ; in font nullfont!
[251]
Missing character: There is no ; in font nullfont!
[252]
Missing character: There is no ; in font nullfont!
[253]
Missing character: There is no ; in font nullfont!
[254]
Missing character: There is no ; in font nullfont!
[255]
Missing character: There is no ; in font nullfont!
[256]
Missing character: There is no ; in font nullfont!
[257]
Missing character: There is no ; in font nullfont!
[258]
Missing character: There is no ; in font nullfont!
[259]
Missing character: There is no ; in font nullfont!
[260]
Missing character: There is no ; in font nullfont!
[261]
Missing character: There is no ; in font nullfont!
[262]
Missing character: There is no ; in font nullfont!
[263]
Missing character: There is no ; in font nullfont!
[264]
Missing character: There is no ; in font nullfont!
[265]
Missing character: There is no ; in font nullfont!
[266]
Missing character: There is no ; in font nullfont!
[267]
Missing character: There is no ; in font nullfont!
[268]
Missing character: There is no ; in font nullfont!
[269]
Missing character: There is no ; in font nullfont!
[270]
Missing character: There is no ; in font nullfont!
[271]
Missing character: There is no ; in font nullfont!
[272]
Missing character: There is no ; in font nullfont!
[273]
Missing character: There is no ; in font nullfont!
[274]
Missing character: There is no ; in font nullfont!
[275]
Missing character: There is no ; in font nullfont!
[276]
Missing character: There is no ; in font nullfont!
[277]
Missing character: There is no ; in font nullfont!
[278]
Missing character: There is no ; in font nullfont!
[279]
Missing character: There is no ; in font nullfont!
[280]
Missing character: There is no ; in font nullfont!
[281]
Missing character: There is no ; in font nullfont!
[282]
Missing character: There is no ; in font nullfont!
[283]
Missing character: There is no ; in font nullfont!
[284]
Missing character: There is no ; in font nullfont!
[285]
Missing character: There is no ; in font nullfont!
[286]
Missing character: There is no ; in font nullfont!
[287]
Missing character: There is no ; in font nullfont!
[288]
Missing character: There is no ; in font nullfont!
[289]
Missing character: There is no ; in font nullfont!
[290]
Missing character: There is no ; in font nullfont!
[291]
Missing character: There is no ; in font nullfont!
[292]
Missing character: There is no ; in font nullfont!
[293]
Missing character: There is no ; in font nullfont!
[294]
Missing character: There is no ; in font nullfont!
[295]
Missing character: There is no ; in font nullfont!
[296]
Missing character: There is no ; in font nullfont!
[297]
Missing character: There is no ; in font nullfont!
[298]
Missing character: There is no ; in font nullfont!
[299]
Missing character: There is no ; in font nullfont!
[300]
Missing character: There is no ; in font nullfont!
[301]
Missing character: There is no ; in font nullfont!
[302]
Missing character: There is no ; in font nullfont!
[303]
Missing character: There is no ; in font nullfont!
[304]
Missing character: There is no ; in font nullfont!
[305]
Missing character: There is no ; in font nullfont!
[306]
Missing character: There is no ; in font nullfont!
[307]
Missing character: There is no ; in font nullfont!
[308]
Missing character: There is no ; in font nullfont!
[309]
Missing character: There is no ; in font nullfont!
[310]
Missing character: There is no ; in font nullfont!
[311]
Missing character: There is no ; in font nullfont!
[312]
Missing character: There is no ; in font nullfont!
[313]
Missing character: There is no ; in font nullfont!
[314]
Missing character: There is no ; in font nullfont!
[315]
Missing character: There is no ; in font nullfont!
[316]
Missing character: There is no ; in font nullfont!
[317]
Missing character: There is no ; in font nullfont!
[318]
Missing character: There is no ; in font nullfont!
[319]
Missing character: There is no ; in font nullfont!
[320]
Missing character: There is no ; in font nullfont!
[321]
Missing character: There is no ; in font nullfont!
[322]
Missing character: There is no ; in font nullfont!
[323]
Missing character: There is no ; in font nullfont!
[324]
Missing character: There is no ; in font nullfont!
[325]
Missing character: There is no ; in font nullfont!
[326]
Missing character: There is no ; in font nullfont!
[327]
Missing character: There is no ; in font nullfont!
[328]
Missing character: There is no ; in font nullfont!
[329]
Missing character: There is no ; in font nullfont!
[330]
Missing character: There is no ; in font nullfont!
[331]
Missing character: There is no ; in font nullfont!
[332]
Missing character: There is no ; in font nullfont!
[333]
Missing character: There is no ; in font nullfont!
[334]
Missing character: There is no ; in font nullfont!
[335]
Missing character: There is no ; in font nullfont!
[336]
Missing character: There is no ; in font nullfont!
[337]
Missing character: There is no ; in font nullfont!
[338]
Missing character: There is no ; in font nullfont!
[339]
Missing character: There is no ; in font nullfont!
[340]
Missing character: There is no ; in font nullfont!
[341]
Missing character: There is no ; in font nullfont!
[342]
Missing character: There is no ; in font nullfont!
[343]
Missing character: There is no ; in font nullfont!
[344]
Missing character: There is no ; in font nullfont!
[345]
Missing character: There is no ; in font nullfont!
[346]
Missing character: There is no ; in font nullfont!
[347]
Missing character: There is no ; in font nullfont!
[348]
Missing character: There is no ; in font nullfont!
[349]
Missing character: There is no ; in font nullfont!
[350]
Missing character: There is no ; in font nullfont!
[351]
Missing character: There is no ; in font nullfont!
[352]
Missing character: There is no ; in font nullfont!
[353]
Missing character: There is no ; in font nullfont!
[354]
Missing character: There is no ; in font nullfont!
[355]
Missing character: There is no ; in font nullfont!
[356]
Missing character: There is no ; in font nullfont!
[357]
Missing character: There is no ; in font nullfont!
[358]
Missing character: There is no ; in font nullfont!
[359]
Missing character: There is no ; in font nullfont!
[360] (./Argand.aux)
 ***********
LaTeX2e <2023-06-01> patch level 1
L3 programming layer <2023-06-30>
 ***********
 ) 
Here is how much of TeX's memory you used:
 17606 strings out of 475237
 360998 string characters out of 5768555
 1938238 words of memory out of 5000000
 38599 multiletter control sequences out of 15000+600000
 559825 words of font info for 39 fonts, out of 8000000 for 9000
 1141 hyphenation exceptions out of 8191
 117i,10n,121p,414b,830s stack positions out of 10000i,1000n,20000p,200000b,200000s
<c:/texlive/2023/texmf-dist/fonts/type1/public/amsfonts/cm/cmmi5.pfb><c:/texlive/2023/texmf-dist/fonts/type1/public/amsfonts/cm/cmr5.pfb><c:/texlive/2023/texmf-dist/fonts/type1/public/amsfonts/cm/cmsy5.pfb>
Output written on Argand.pdf (360 pages, 1411332 bytes).
PDF statistics:
 1183 PDF objects out of 1200 (max. 8388607)
 806 compressed objects within 9 object streams
 0 named destinations out of 1000 (max. 500000)
 13 words of extra memory for PDF output out of 10000 (max. 10000000)

